{"D:\\projetos\\loja-nexjs-strapi\\backend\\src\\data\\useCases\\Categoria\\ListCategoria.ts": {"path":"D:\\projetos\\loja-nexjs-strapi\\backend\\src\\data\\useCases\\Categoria\\ListCategoria.ts","statementMap":{"0":{"start":{"line":6,"column":0},"end":{"line":6,"column":13}},"1":{"start":{"line":10,"column":4},"end":{"line":10,"column":47}},"2":{"start":{"line":13,"column":8},"end":{"line":15,"column":null}},"3":{"start":{"line":14,"column":4},"end":{"line":14,"column":null}},"4":{"start":{"line":16,"column":0},"end":{"line":16,"column":null}},"5":{"start":{"line":6,"column":13},"end":{"line":6,"column":28}}},"fnMap":{"0":{"name":"(anonymous_13)","decl":{"start":{"line":6,"column":0},"end":{"line":6,"column":13}},"loc":{"start":{"line":6,"column":0},"end":{"line":16,"column":null}}},"1":{"name":"dbListCategoria","decl":{"start":{"line":9,"column":2},"end":{"line":9,"column":14}},"loc":{"start":{"line":9,"column":57},"end":{"line":11,"column":3}}},"2":{"name":"(anonymous_15)","decl":{"start":{"line":13,"column":2},"end":{"line":13,"column":8}},"loc":{"start":{"line":13,"column":2},"end":{"line":15,"column":null}}}},"branchMap":{},"s":{"0":1,"1":0,"2":1,"3":0,"4":1,"5":1},"f":{"0":1,"1":0,"2":0},"b":{}}
,"D:\\projetos\\loja-nexjs-strapi\\backend\\src\\data\\useCases\\Categoria\\addCategoria.ts": {"path":"D:\\projetos\\loja-nexjs-strapi\\backend\\src\\data\\useCases\\Categoria\\addCategoria.ts","statementMap":{"0":{"start":{"line":6,"column":0},"end":{"line":6,"column":13}},"1":{"start":{"line":10,"column":4},"end":{"line":10,"column":41}},"2":{"start":{"line":13,"column":8},"end":{"line":16,"column":null}},"3":{"start":{"line":14,"column":34},"end":{"line":14,"column":null}},"4":{"start":{"line":14,"column":10},"end":{"line":14,"column":null}},"5":{"start":{"line":15,"column":4},"end":{"line":15,"column":null}},"6":{"start":{"line":17,"column":0},"end":{"line":17,"column":null}},"7":{"start":{"line":6,"column":13},"end":{"line":6,"column":27}}},"fnMap":{"0":{"name":"(anonymous_13)","decl":{"start":{"line":6,"column":0},"end":{"line":6,"column":13}},"loc":{"start":{"line":6,"column":0},"end":{"line":17,"column":null}}},"1":{"name":"dbAddCategoria","decl":{"start":{"line":9,"column":2},"end":{"line":9,"column":14}},"loc":{"start":{"line":9,"column":52},"end":{"line":11,"column":3}}},"2":{"name":"(anonymous_15)","decl":{"start":{"line":13,"column":2},"end":{"line":13,"column":8}},"loc":{"start":{"line":13,"column":41},"end":{"line":16,"column":null}}}},"branchMap":{"0":{"loc":{"start":{"line":14,"column":34},"end":{"line":14,"column":null}},"type":"switch","locations":[{"start":{"line":14,"column":34},"end":{"line":14,"column":null}}]}},"s":{"0":1,"1":0,"2":1,"3":0,"4":0,"5":0,"6":1,"7":1},"f":{"0":1,"1":0,"2":0},"b":{"0":[0]}}
,"D:\\projetos\\loja-nexjs-strapi\\backend\\src\\data\\useCases\\Categoria\\deleteCategoria.ts": {"path":"D:\\projetos\\loja-nexjs-strapi\\backend\\src\\data\\useCases\\Categoria\\deleteCategoria.ts","statementMap":{"0":{"start":{"line":3,"column":0},"end":{"line":3,"column":13}},"1":{"start":{"line":7,"column":4},"end":{"line":7,"column":null}},"2":{"start":{"line":10,"column":8},"end":{"line":12,"column":null}},"3":{"start":{"line":11,"column":4},"end":{"line":11,"column":null}},"4":{"start":{"line":13,"column":0},"end":{"line":13,"column":null}},"5":{"start":{"line":3,"column":13},"end":{"line":3,"column":30}}},"fnMap":{"0":{"name":"(anonymous_13)","decl":{"start":{"line":3,"column":0},"end":{"line":3,"column":13}},"loc":{"start":{"line":3,"column":0},"end":{"line":13,"column":null}}},"1":{"name":"dbDeleteCategoria","decl":{"start":{"line":6,"column":2},"end":{"line":6,"column":14}},"loc":{"start":{"line":6,"column":58},"end":{"line":8,"column":3}}},"2":{"name":"(anonymous_15)","decl":{"start":{"line":10,"column":2},"end":{"line":10,"column":8}},"loc":{"start":{"line":10,"column":35},"end":{"line":12,"column":null}}}},"branchMap":{},"s":{"0":1,"1":0,"2":1,"3":0,"4":1,"5":1},"f":{"0":1,"1":0,"2":0},"b":{}}
,"D:\\projetos\\loja-nexjs-strapi\\backend\\src\\data\\useCases\\Categoria\\updateCategoria.ts": {"path":"D:\\projetos\\loja-nexjs-strapi\\backend\\src\\data\\useCases\\Categoria\\updateCategoria.ts","statementMap":{"0":{"start":{"line":6,"column":0},"end":{"line":6,"column":13}},"1":{"start":{"line":10,"column":4},"end":{"line":10,"column":null}},"2":{"start":{"line":13,"column":8},"end":{"line":15,"column":null}},"3":{"start":{"line":14,"column":11},"end":{"line":14,"column":null}},"4":{"start":{"line":14,"column":4},"end":{"line":14,"column":null}},"5":{"start":{"line":16,"column":0},"end":{"line":16,"column":null}},"6":{"start":{"line":6,"column":13},"end":{"line":6,"column":30}}},"fnMap":{"0":{"name":"(anonymous_13)","decl":{"start":{"line":6,"column":0},"end":{"line":6,"column":13}},"loc":{"start":{"line":6,"column":0},"end":{"line":16,"column":null}}},"1":{"name":"dbUpdateCategoria","decl":{"start":{"line":9,"column":2},"end":{"line":9,"column":14}},"loc":{"start":{"line":9,"column":60},"end":{"line":11,"column":3}}},"2":{"name":"(anonymous_15)","decl":{"start":{"line":13,"column":2},"end":{"line":13,"column":8}},"loc":{"start":{"line":13,"column":63},"end":{"line":15,"column":null}}}},"branchMap":{"0":{"loc":{"start":{"line":14,"column":11},"end":{"line":14,"column":null}},"type":"switch","locations":[{"start":{"line":14,"column":11},"end":{"line":14,"column":null}},{"start":{"line":14,"column":4},"end":{"line":14,"column":null}}]}},"s":{"0":1,"1":0,"2":1,"3":0,"4":0,"5":1,"6":1},"f":{"0":1,"1":0,"2":0},"b":{"0":[0,0]}}
,"D:\\projetos\\loja-nexjs-strapi\\backend\\src\\data\\useCases\\Photo\\addphoto.ts": {"path":"D:\\projetos\\loja-nexjs-strapi\\backend\\src\\data\\useCases\\Photo\\addphoto.ts","statementMap":{"0":{"start":{"line":5,"column":0},"end":{"line":5,"column":13}},"1":{"start":{"line":9,"column":4},"end":{"line":9,"column":37}},"2":{"start":{"line":12,"column":8},"end":{"line":15,"column":null}},"3":{"start":{"line":13,"column":29},"end":{"line":13,"column":null}},"4":{"start":{"line":13,"column":10},"end":{"line":13,"column":null}},"5":{"start":{"line":14,"column":4},"end":{"line":14,"column":null}},"6":{"start":{"line":17,"column":0},"end":{"line":17,"column":null}},"7":{"start":{"line":5,"column":13},"end":{"line":5,"column":23}}},"fnMap":{"0":{"name":"(anonymous_13)","decl":{"start":{"line":5,"column":0},"end":{"line":5,"column":13}},"loc":{"start":{"line":5,"column":0},"end":{"line":17,"column":null}}},"1":{"name":"dbAddPhoto","decl":{"start":{"line":8,"column":2},"end":{"line":8,"column":14}},"loc":{"start":{"line":8,"column":46},"end":{"line":10,"column":3}}},"2":{"name":"(anonymous_15)","decl":{"start":{"line":12,"column":2},"end":{"line":12,"column":8}},"loc":{"start":{"line":12,"column":33},"end":{"line":15,"column":null}}}},"branchMap":{"0":{"loc":{"start":{"line":13,"column":29},"end":{"line":13,"column":null}},"type":"switch","locations":[{"start":{"line":13,"column":29},"end":{"line":13,"column":null}}]}},"s":{"0":1,"1":0,"2":1,"3":0,"4":0,"5":0,"6":1,"7":1},"f":{"0":1,"1":0,"2":0},"b":{"0":[0]}}
,"D:\\projetos\\loja-nexjs-strapi\\backend\\src\\data\\useCases\\Photo\\deletePhoto.ts": {"path":"D:\\projetos\\loja-nexjs-strapi\\backend\\src\\data\\useCases\\Photo\\deletePhoto.ts","statementMap":{"0":{"start":{"line":4,"column":0},"end":{"line":4,"column":13}},"1":{"start":{"line":8,"column":4},"end":{"line":8,"column":null}},"2":{"start":{"line":11,"column":8},"end":{"line":13,"column":null}},"3":{"start":{"line":12,"column":11},"end":{"line":12,"column":null}},"4":{"start":{"line":12,"column":4},"end":{"line":12,"column":null}},"5":{"start":{"line":14,"column":0},"end":{"line":14,"column":null}},"6":{"start":{"line":4,"column":13},"end":{"line":4,"column":26}}},"fnMap":{"0":{"name":"(anonymous_13)","decl":{"start":{"line":4,"column":0},"end":{"line":4,"column":13}},"loc":{"start":{"line":4,"column":0},"end":{"line":14,"column":null}}},"1":{"name":"dbdeletePhoto","decl":{"start":{"line":7,"column":2},"end":{"line":7,"column":14}},"loc":{"start":{"line":7,"column":52},"end":{"line":9,"column":3}}},"2":{"name":"(anonymous_15)","decl":{"start":{"line":11,"column":2},"end":{"line":11,"column":8}},"loc":{"start":{"line":11,"column":28},"end":{"line":13,"column":null}}}},"branchMap":{"0":{"loc":{"start":{"line":12,"column":11},"end":{"line":12,"column":null}},"type":"switch","locations":[{"start":{"line":12,"column":11},"end":{"line":12,"column":null}},{"start":{"line":12,"column":4},"end":{"line":12,"column":null}}]}},"s":{"0":1,"1":0,"2":1,"3":0,"4":0,"5":1,"6":1},"f":{"0":1,"1":0,"2":0},"b":{"0":[0,0]}}
,"D:\\projetos\\loja-nexjs-strapi\\backend\\src\\data\\useCases\\Photo\\getPhoto.ts": {"path":"D:\\projetos\\loja-nexjs-strapi\\backend\\src\\data\\useCases\\Photo\\getPhoto.ts","statementMap":{"0":{"start":{"line":6,"column":0},"end":{"line":6,"column":13}},"1":{"start":{"line":10,"column":4},"end":{"line":10,"column":null}},"2":{"start":{"line":13,"column":8},"end":{"line":15,"column":null}},"3":{"start":{"line":14,"column":11},"end":{"line":14,"column":null}},"4":{"start":{"line":14,"column":4},"end":{"line":14,"column":null}},"5":{"start":{"line":16,"column":0},"end":{"line":16,"column":null}},"6":{"start":{"line":6,"column":13},"end":{"line":6,"column":23}}},"fnMap":{"0":{"name":"(anonymous_13)","decl":{"start":{"line":6,"column":0},"end":{"line":6,"column":13}},"loc":{"start":{"line":6,"column":0},"end":{"line":16,"column":null}}},"1":{"name":"dbgetPhoto","decl":{"start":{"line":9,"column":2},"end":{"line":9,"column":14}},"loc":{"start":{"line":9,"column":46},"end":{"line":11,"column":3}}},"2":{"name":"(anonymous_15)","decl":{"start":{"line":13,"column":2},"end":{"line":13,"column":8}},"loc":{"start":{"line":13,"column":25},"end":{"line":15,"column":null}}}},"branchMap":{"0":{"loc":{"start":{"line":14,"column":11},"end":{"line":14,"column":null}},"type":"switch","locations":[{"start":{"line":14,"column":11},"end":{"line":14,"column":null}},{"start":{"line":14,"column":4},"end":{"line":14,"column":null}}]}},"s":{"0":1,"1":4,"2":1,"3":2,"4":2,"5":1,"6":1},"f":{"0":1,"1":4,"2":2},"b":{"0":[2,2]}}
,"D:\\projetos\\loja-nexjs-strapi\\backend\\src\\data\\useCases\\Photo\\listPhoto.ts": {"path":"D:\\projetos\\loja-nexjs-strapi\\backend\\src\\data\\useCases\\Photo\\listPhoto.ts","statementMap":{"0":{"start":{"line":5,"column":0},"end":{"line":5,"column":13}},"1":{"start":{"line":8,"column":4},"end":{"line":8,"column":null}},"2":{"start":{"line":11,"column":8},"end":{"line":13,"column":null}},"3":{"start":{"line":12,"column":11},"end":{"line":12,"column":null}},"4":{"start":{"line":12,"column":4},"end":{"line":12,"column":null}},"5":{"start":{"line":14,"column":0},"end":{"line":14,"column":null}},"6":{"start":{"line":5,"column":13},"end":{"line":5,"column":24}}},"fnMap":{"0":{"name":"(anonymous_13)","decl":{"start":{"line":5,"column":0},"end":{"line":5,"column":13}},"loc":{"start":{"line":5,"column":0},"end":{"line":14,"column":null}}},"1":{"name":"dbListPhoto","decl":{"start":{"line":7,"column":2},"end":{"line":7,"column":14}},"loc":{"start":{"line":7,"column":48},"end":{"line":9,"column":3}}},"2":{"name":"(anonymous_15)","decl":{"start":{"line":11,"column":2},"end":{"line":11,"column":8}},"loc":{"start":{"line":11,"column":2},"end":{"line":13,"column":null}}}},"branchMap":{"0":{"loc":{"start":{"line":12,"column":11},"end":{"line":12,"column":null}},"type":"switch","locations":[{"start":{"line":12,"column":11},"end":{"line":12,"column":null}},{"start":{"line":12,"column":4},"end":{"line":12,"column":null}}]}},"s":{"0":1,"1":0,"2":1,"3":0,"4":0,"5":1,"6":1},"f":{"0":1,"1":0,"2":0},"b":{"0":[0,0]}}
,"D:\\projetos\\loja-nexjs-strapi\\backend\\src\\data\\useCases\\Produto\\addProduto.ts": {"path":"D:\\projetos\\loja-nexjs-strapi\\backend\\src\\data\\useCases\\Produto\\addProduto.ts","statementMap":{"0":{"start":{"line":6,"column":0},"end":{"line":6,"column":13}},"1":{"start":{"line":10,"column":4},"end":{"line":10,"column":null}},"2":{"start":{"line":13,"column":8},"end":{"line":15,"column":null}},"3":{"start":{"line":14,"column":11},"end":{"line":14,"column":null}},"4":{"start":{"line":14,"column":4},"end":{"line":14,"column":null}},"5":{"start":{"line":16,"column":0},"end":{"line":16,"column":null}},"6":{"start":{"line":6,"column":13},"end":{"line":6,"column":25}}},"fnMap":{"0":{"name":"(anonymous_13)","decl":{"start":{"line":6,"column":0},"end":{"line":6,"column":13}},"loc":{"start":{"line":6,"column":0},"end":{"line":16,"column":null}}},"1":{"name":"dbAddProduto","decl":{"start":{"line":9,"column":2},"end":{"line":9,"column":14}},"loc":{"start":{"line":9,"column":50},"end":{"line":11,"column":3}}},"2":{"name":"(anonymous_15)","decl":{"start":{"line":13,"column":2},"end":{"line":13,"column":8}},"loc":{"start":{"line":13,"column":34},"end":{"line":15,"column":null}}}},"branchMap":{"0":{"loc":{"start":{"line":14,"column":11},"end":{"line":14,"column":null}},"type":"switch","locations":[{"start":{"line":14,"column":11},"end":{"line":14,"column":null}},{"start":{"line":14,"column":4},"end":{"line":14,"column":null}}]}},"s":{"0":1,"1":0,"2":1,"3":0,"4":0,"5":1,"6":1},"f":{"0":1,"1":0,"2":0},"b":{"0":[0,0]}}
,"D:\\projetos\\loja-nexjs-strapi\\backend\\src\\data\\useCases\\Produto\\getProduto.ts": {"path":"D:\\projetos\\loja-nexjs-strapi\\backend\\src\\data\\useCases\\Produto\\getProduto.ts","statementMap":{"0":{"start":{"line":5,"column":0},"end":{"line":5,"column":13}},"1":{"start":{"line":9,"column":4},"end":{"line":9,"column":null}},"2":{"start":{"line":11,"column":8},"end":{"line":13,"column":null}},"3":{"start":{"line":12,"column":4},"end":{"line":12,"column":null}},"4":{"start":{"line":14,"column":0},"end":{"line":14,"column":null}},"5":{"start":{"line":5,"column":13},"end":{"line":5,"column":25}}},"fnMap":{"0":{"name":"(anonymous_13)","decl":{"start":{"line":5,"column":0},"end":{"line":5,"column":13}},"loc":{"start":{"line":5,"column":0},"end":{"line":14,"column":null}}},"1":{"name":"dbGetProduto","decl":{"start":{"line":8,"column":2},"end":{"line":8,"column":14}},"loc":{"start":{"line":8,"column":50},"end":{"line":10,"column":3}}},"2":{"name":"(anonymous_15)","decl":{"start":{"line":11,"column":2},"end":{"line":11,"column":8}},"loc":{"start":{"line":11,"column":27},"end":{"line":13,"column":null}}}},"branchMap":{},"s":{"0":0,"1":0,"2":0,"3":0,"4":0,"5":0},"f":{"0":0,"1":0,"2":0},"b":{}}
,"D:\\projetos\\loja-nexjs-strapi\\backend\\src\\data\\useCases\\Produto\\listProduto.ts": {"path":"D:\\projetos\\loja-nexjs-strapi\\backend\\src\\data\\useCases\\Produto\\listProduto.ts","statementMap":{"0":{"start":{"line":5,"column":0},"end":{"line":5,"column":13}},"1":{"start":{"line":9,"column":4},"end":{"line":9,"column":null}},"2":{"start":{"line":11,"column":8},"end":{"line":13,"column":null}},"3":{"start":{"line":12,"column":4},"end":{"line":12,"column":null}},"4":{"start":{"line":14,"column":0},"end":{"line":14,"column":null}},"5":{"start":{"line":5,"column":13},"end":{"line":5,"column":26}}},"fnMap":{"0":{"name":"(anonymous_13)","decl":{"start":{"line":5,"column":0},"end":{"line":5,"column":13}},"loc":{"start":{"line":5,"column":0},"end":{"line":14,"column":null}}},"1":{"name":"dblistProduto","decl":{"start":{"line":8,"column":2},"end":{"line":8,"column":14}},"loc":{"start":{"line":8,"column":52},"end":{"line":10,"column":3}}},"2":{"name":"(anonymous_15)","decl":{"start":{"line":11,"column":2},"end":{"line":11,"column":8}},"loc":{"start":{"line":11,"column":24},"end":{"line":13,"column":null}}}},"branchMap":{},"s":{"0":1,"1":0,"2":1,"3":0,"4":1,"5":1},"f":{"0":1,"1":0,"2":0},"b":{}}
,"D:\\projetos\\loja-nexjs-strapi\\backend\\src\\data\\useCases\\Produto\\listProdutoCategoria.ts": {"path":"D:\\projetos\\loja-nexjs-strapi\\backend\\src\\data\\useCases\\Produto\\listProdutoCategoria.ts","statementMap":{"0":{"start":{"line":6,"column":0},"end":{"line":6,"column":13}},"1":{"start":{"line":10,"column":4},"end":{"line":10,"column":null}},"2":{"start":{"line":13,"column":8},"end":{"line":15,"column":null}},"3":{"start":{"line":14,"column":4},"end":{"line":14,"column":null}},"4":{"start":{"line":16,"column":0},"end":{"line":16,"column":null}},"5":{"start":{"line":6,"column":13},"end":{"line":6,"column":35}}},"fnMap":{"0":{"name":"(anonymous_13)","decl":{"start":{"line":6,"column":0},"end":{"line":6,"column":13}},"loc":{"start":{"line":6,"column":0},"end":{"line":16,"column":null}}},"1":{"name":"dbListProdutoCategoria","decl":{"start":{"line":9,"column":2},"end":{"line":9,"column":14}},"loc":{"start":{"line":9,"column":64},"end":{"line":11,"column":3}}},"2":{"name":"(anonymous_15)","decl":{"start":{"line":13,"column":2},"end":{"line":13,"column":8}},"loc":{"start":{"line":13,"column":44},"end":{"line":15,"column":null}}}},"branchMap":{},"s":{"0":0,"1":0,"2":0,"3":0,"4":0,"5":0},"f":{"0":0,"1":0,"2":0},"b":{}}
,"D:\\projetos\\loja-nexjs-strapi\\backend\\src\\infra\\db\\postgres\\CategoriaRepository\\addCategoriaRepository.ts": {"path":"D:\\projetos\\loja-nexjs-strapi\\backend\\src\\infra\\db\\postgres\\CategoriaRepository\\addCategoriaRepository.ts","statementMap":{"0":{"start":{"line":1,"column":0},"end":{"line":1,"column":94}},"1":{"start":{"line":3,"column":15},"end":{"line":3,"column":33}},"2":{"start":{"line":5,"column":0},"end":{"line":5,"column":13}},"3":{"start":{"line":7,"column":8},"end":{"line":42,"column":null}},"4":{"start":{"line":9,"column":21},"end":{"line":21,"column":null}},"5":{"start":{"line":9,"column":12},"end":{"line":21,"column":null}},"6":{"start":{"line":23,"column":12},"end":{"line":26,"column":null}},"7":{"start":{"line":30,"column":12},"end":{"line":35,"column":null}},"8":{"start":{"line":36,"column":6},"end":{"line":36,"column":null}},"9":{"start":{"line":39,"column":6},"end":{"line":39,"column":null}},"10":{"start":{"line":43,"column":0},"end":{"line":43,"column":null}},"11":{"start":{"line":5,"column":13},"end":{"line":5,"column":33}}},"fnMap":{"0":{"name":"(anonymous_13)","decl":{"start":{"line":5,"column":0},"end":{"line":5,"column":13}},"loc":{"start":{"line":5,"column":0},"end":{"line":43,"column":null}}},"1":{"name":"(anonymous_15)","decl":{"start":{"line":7,"column":2},"end":{"line":7,"column":8}},"loc":{"start":{"line":7,"column":38},"end":{"line":42,"column":null}}}},"branchMap":{"0":{"loc":{"start":{"line":24,"column":27},"end":{"line":24,"column":29}},"type":"cond-expr","locations":[{"start":{"line":24,"column":27},"end":{"line":24,"column":29}},{"start":{"line":24,"column":27},"end":{"line":24,"column":31}}]},"1":{"loc":{"start":{"line":24,"column":14},"end":{"line":24,"column":29}},"type":"binary-expr","locations":[{"start":{"line":24,"column":14},"end":{"line":24,"column":29}},{"start":{"line":24,"column":27},"end":{"line":24,"column":29}}]},"2":{"loc":{"start":{"line":25,"column":28},"end":{"line":25,"column":30}},"type":"cond-expr","locations":[{"start":{"line":25,"column":28},"end":{"line":25,"column":30}},{"start":{"line":25,"column":28},"end":{"line":25,"column":33}}]},"3":{"loc":{"start":{"line":25,"column":15},"end":{"line":25,"column":30}},"type":"binary-expr","locations":[{"start":{"line":25,"column":15},"end":{"line":25,"column":30}},{"start":{"line":25,"column":28},"end":{"line":25,"column":30}}]}},"s":{"0":1,"1":1,"2":1,"3":1,"4":0,"5":0,"6":0,"7":0,"8":0,"9":0,"10":1,"11":1},"f":{"0":1,"1":0},"b":{"0":[0,0],"1":[0,0],"2":[0,0],"3":[0,0]}}
,"D:\\projetos\\loja-nexjs-strapi\\backend\\src\\infra\\db\\postgres\\CategoriaRepository\\deleteCategoriaRepository.ts": {"path":"D:\\projetos\\loja-nexjs-strapi\\backend\\src\\infra\\db\\postgres\\CategoriaRepository\\deleteCategoriaRepository.ts","statementMap":{"0":{"start":{"line":2,"column":0},"end":{"line":2,"column":68}},"1":{"start":{"line":4,"column":15},"end":{"line":4,"column":33}},"2":{"start":{"line":6,"column":0},"end":{"line":6,"column":13}},"3":{"start":{"line":7,"column":8},"end":{"line":28,"column":null}},"4":{"start":{"line":9,"column":20},"end":{"line":13,"column":null}},"5":{"start":{"line":9,"column":12},"end":{"line":13,"column":null}},"6":{"start":{"line":14,"column":6},"end":{"line":16,"column":null}},"7":{"start":{"line":15,"column":8},"end":{"line":15,"column":null}},"8":{"start":{"line":17,"column":23},"end":{"line":21,"column":null}},"9":{"start":{"line":17,"column":12},"end":{"line":21,"column":null}},"10":{"start":{"line":22,"column":6},"end":{"line":22,"column":null}},"11":{"start":{"line":25,"column":6},"end":{"line":25,"column":null}},"12":{"start":{"line":29,"column":0},"end":{"line":29,"column":null}},"13":{"start":{"line":6,"column":13},"end":{"line":6,"column":32}}},"fnMap":{"0":{"name":"(anonymous_13)","decl":{"start":{"line":6,"column":0},"end":{"line":6,"column":13}},"loc":{"start":{"line":6,"column":0},"end":{"line":29,"column":null}}},"1":{"name":"(anonymous_15)","decl":{"start":{"line":7,"column":2},"end":{"line":7,"column":8}},"loc":{"start":{"line":7,"column":35},"end":{"line":28,"column":null}}}},"branchMap":{"0":{"loc":{"start":{"line":14,"column":6},"end":{"line":16,"column":null}},"type":"if","locations":[{"start":{"line":14,"column":6},"end":{"line":16,"column":null}},{"start":{"line":14,"column":6},"end":{"line":16,"column":null}}]},"1":{"loc":{"start":{"line":22,"column":23},"end":{"line":22,"column":27}},"type":"cond-expr","locations":[{"start":{"line":22,"column":23},"end":{"line":22,"column":27}},{"start":{"line":22,"column":29},"end":{"line":22,"column":34}}]}},"s":{"0":1,"1":1,"2":1,"3":1,"4":0,"5":0,"6":0,"7":0,"8":0,"9":0,"10":0,"11":0,"12":1,"13":1},"f":{"0":1,"1":0},"b":{"0":[0,0],"1":[0,0]}}
,"D:\\projetos\\loja-nexjs-strapi\\backend\\src\\infra\\db\\postgres\\CategoriaRepository\\listCategoriaRepository.ts": {"path":"D:\\projetos\\loja-nexjs-strapi\\backend\\src\\infra\\db\\postgres\\CategoriaRepository\\listCategoriaRepository.ts","statementMap":{"0":{"start":{"line":1,"column":0},"end":{"line":1,"column":79}},"1":{"start":{"line":3,"column":15},"end":{"line":3,"column":33}},"2":{"start":{"line":5,"column":0},"end":{"line":5,"column":13}},"3":{"start":{"line":7,"column":8},"end":{"line":25,"column":null}},"4":{"start":{"line":8,"column":19},"end":{"line":12,"column":null}},"5":{"start":{"line":8,"column":10},"end":{"line":12,"column":null}},"6":{"start":{"line":13,"column":10},"end":{"line":23,"column":null}},"7":{"start":{"line":14,"column":25},"end":{"line":14,"column":null}},"8":{"start":{"line":15,"column":20},"end":{"line":18,"column":null}},"9":{"start":{"line":20,"column":6},"end":{"line":22,"column":null}},"10":{"start":{"line":24,"column":4},"end":{"line":24,"column":null}},"11":{"start":{"line":26,"column":0},"end":{"line":26,"column":null}},"12":{"start":{"line":5,"column":13},"end":{"line":5,"column":34}}},"fnMap":{"0":{"name":"(anonymous_13)","decl":{"start":{"line":5,"column":0},"end":{"line":5,"column":13}},"loc":{"start":{"line":5,"column":0},"end":{"line":26,"column":null}}},"1":{"name":"(anonymous_15)","decl":{"start":{"line":7,"column":2},"end":{"line":7,"column":8}},"loc":{"start":{"line":7,"column":2},"end":{"line":25,"column":null}}},"2":{"name":"(anonymous_18)","decl":{"start":{"line":13,"column":44},"end":{"line":13,"column":53}},"loc":{"start":{"line":13,"column":53},"end":{"line":23,"column":5}}}},"branchMap":{"0":{"loc":{"start":{"line":8,"column":19},"end":{"line":12,"column":null}},"type":"switch","locations":[{"start":{"line":8,"column":19},"end":{"line":12,"column":null}}]},"1":{"loc":{"start":{"line":16,"column":30},"end":{"line":16,"column":32}},"type":"cond-expr","locations":[{"start":{"line":16,"column":30},"end":{"line":16,"column":32}},{"start":{"line":16,"column":30},"end":{"line":16,"column":34}}]},"2":{"loc":{"start":{"line":16,"column":14},"end":{"line":16,"column":32}},"type":"binary-expr","locations":[{"start":{"line":16,"column":14},"end":{"line":16,"column":32}},{"start":{"line":16,"column":30},"end":{"line":16,"column":32}}]},"3":{"loc":{"start":{"line":17,"column":31},"end":{"line":17,"column":33}},"type":"cond-expr","locations":[{"start":{"line":17,"column":31},"end":{"line":17,"column":33}},{"start":{"line":17,"column":31},"end":{"line":17,"column":36}}]},"4":{"loc":{"start":{"line":17,"column":15},"end":{"line":17,"column":33}},"type":"binary-expr","locations":[{"start":{"line":17,"column":15},"end":{"line":17,"column":33}},{"start":{"line":17,"column":31},"end":{"line":17,"column":33}}]}},"s":{"0":1,"1":1,"2":1,"3":1,"4":0,"5":0,"6":0,"7":0,"8":0,"9":0,"10":0,"11":1,"12":1},"f":{"0":1,"1":0,"2":0},"b":{"0":[0],"1":[0,0],"2":[0,0],"3":[0,0],"4":[0,0]}}
,"D:\\projetos\\loja-nexjs-strapi\\backend\\src\\infra\\db\\postgres\\CategoriaRepository\\protocols.ts": {"path":"D:\\projetos\\loja-nexjs-strapi\\backend\\src\\infra\\db\\postgres\\CategoriaRepository\\protocols.ts","statementMap":{"0":{"start":{"line":1,"column":0},"end":{"line":1,"column":8}},"1":{"start":{"line":1,"column":8},"end":{"line":1,"column":43}},"2":{"start":{"line":2,"column":0},"end":{"line":2,"column":51}},"3":{"start":{"line":5,"column":0},"end":{"line":5,"column":76}},"4":{"start":{"line":6,"column":0},"end":{"line":6,"column":67}},"5":{"start":{"line":9,"column":0},"end":{"line":9,"column":76}},"6":{"start":{"line":12,"column":0},"end":{"line":12,"column":78}},"7":{"start":{"line":15,"column":0},"end":{"line":15,"column":78}}},"fnMap":{"0":{"name":"(anonymous_4)","decl":{"start":{"line":1,"column":8},"end":{"line":1,"column":20}},"loc":{"start":{"line":1,"column":8},"end":{"line":1,"column":43}}}},"branchMap":{},"s":{"0":1,"1":5,"2":1,"3":1,"4":1,"5":1,"6":1,"7":1},"f":{"0":4},"b":{}}
,"D:\\projetos\\loja-nexjs-strapi\\backend\\src\\infra\\db\\postgres\\CategoriaRepository\\updateCategoriaRepository.ts": {"path":"D:\\projetos\\loja-nexjs-strapi\\backend\\src\\infra\\db\\postgres\\CategoriaRepository\\updateCategoriaRepository.ts","statementMap":{"0":{"start":{"line":1,"column":0},"end":{"line":1,"column":97}},"1":{"start":{"line":3,"column":15},"end":{"line":3,"column":33}},"2":{"start":{"line":5,"column":0},"end":{"line":5,"column":13}},"3":{"start":{"line":7,"column":8},"end":{"line":47,"column":null}},"4":{"start":{"line":9,"column":20},"end":{"line":13,"column":null}},"5":{"start":{"line":9,"column":12},"end":{"line":13,"column":null}},"6":{"start":{"line":15,"column":6},"end":{"line":17,"column":null}},"7":{"start":{"line":16,"column":8},"end":{"line":16,"column":null}},"8":{"start":{"line":19,"column":23},"end":{"line":31,"column":null}},"9":{"start":{"line":19,"column":11},"end":{"line":31,"column":null}},"10":{"start":{"line":33,"column":11},"end":{"line":40,"column":null}},"11":{"start":{"line":41,"column":5},"end":{"line":41,"column":null}},"12":{"start":{"line":44,"column":6},"end":{"line":44,"column":null}},"13":{"start":{"line":48,"column":0},"end":{"line":48,"column":null}},"14":{"start":{"line":5,"column":13},"end":{"line":5,"column":36}}},"fnMap":{"0":{"name":"(anonymous_13)","decl":{"start":{"line":5,"column":0},"end":{"line":5,"column":13}},"loc":{"start":{"line":5,"column":0},"end":{"line":48,"column":null}}},"1":{"name":"(anonymous_15)","decl":{"start":{"line":7,"column":2},"end":{"line":7,"column":8}},"loc":{"start":{"line":7,"column":63},"end":{"line":47,"column":null}}}},"branchMap":{"0":{"loc":{"start":{"line":15,"column":6},"end":{"line":17,"column":null}},"type":"if","locations":[{"start":{"line":15,"column":6},"end":{"line":17,"column":null}},{"start":{"line":15,"column":6},"end":{"line":17,"column":null}}]},"1":{"loc":{"start":{"line":37,"column":28},"end":{"line":37,"column":30}},"type":"cond-expr","locations":[{"start":{"line":37,"column":28},"end":{"line":37,"column":30}},{"start":{"line":37,"column":28},"end":{"line":37,"column":32}}]},"2":{"loc":{"start":{"line":37,"column":13},"end":{"line":37,"column":30}},"type":"binary-expr","locations":[{"start":{"line":37,"column":13},"end":{"line":37,"column":30}},{"start":{"line":37,"column":28},"end":{"line":37,"column":30}}]},"3":{"loc":{"start":{"line":38,"column":29},"end":{"line":38,"column":31}},"type":"cond-expr","locations":[{"start":{"line":38,"column":29},"end":{"line":38,"column":31}},{"start":{"line":38,"column":29},"end":{"line":38,"column":34}}]},"4":{"loc":{"start":{"line":38,"column":14},"end":{"line":38,"column":31}},"type":"binary-expr","locations":[{"start":{"line":38,"column":14},"end":{"line":38,"column":31}},{"start":{"line":38,"column":29},"end":{"line":38,"column":31}}]}},"s":{"0":1,"1":1,"2":1,"3":1,"4":0,"5":0,"6":0,"7":0,"8":0,"9":0,"10":0,"11":0,"12":0,"13":1,"14":1},"f":{"0":1,"1":0},"b":{"0":[0,0],"1":[0,0],"2":[0,0],"3":[0,0],"4":[0,0]}}
,"D:\\projetos\\loja-nexjs-strapi\\backend\\src\\infra\\db\\postgres\\PhotoRepository\\addPhotoRepository.ts": {"path":"D:\\projetos\\loja-nexjs-strapi\\backend\\src\\infra\\db\\postgres\\PhotoRepository\\addPhotoRepository.ts","statementMap":{"0":{"start":{"line":1,"column":0},"end":{"line":1,"column":81}},"1":{"start":{"line":3,"column":15},"end":{"line":3,"column":33}},"2":{"start":{"line":5,"column":0},"end":{"line":5,"column":13}},"3":{"start":{"line":6,"column":8},"end":{"line":16,"column":null}},"4":{"start":{"line":8,"column":19},"end":{"line":10,"column":null}},"5":{"start":{"line":8,"column":10},"end":{"line":10,"column":null}},"6":{"start":{"line":11,"column":10},"end":{"line":14,"column":null}},"7":{"start":{"line":15,"column":4},"end":{"line":15,"column":null}},"8":{"start":{"line":17,"column":0},"end":{"line":17,"column":null}},"9":{"start":{"line":5,"column":13},"end":{"line":5,"column":29}}},"fnMap":{"0":{"name":"(anonymous_13)","decl":{"start":{"line":5,"column":0},"end":{"line":5,"column":13}},"loc":{"start":{"line":5,"column":0},"end":{"line":17,"column":null}}},"1":{"name":"(anonymous_15)","decl":{"start":{"line":6,"column":2},"end":{"line":6,"column":8}},"loc":{"start":{"line":6,"column":30},"end":{"line":16,"column":null}}}},"branchMap":{"0":{"loc":{"start":{"line":8,"column":19},"end":{"line":10,"column":null}},"type":"switch","locations":[{"start":{"line":8,"column":19},"end":{"line":10,"column":null}}]}},"s":{"0":1,"1":1,"2":1,"3":1,"4":0,"5":0,"6":0,"7":0,"8":1,"9":1},"f":{"0":1,"1":0},"b":{"0":[0]}}
,"D:\\projetos\\loja-nexjs-strapi\\backend\\src\\infra\\db\\postgres\\PhotoRepository\\deletePhotoRepository.ts": {"path":"D:\\projetos\\loja-nexjs-strapi\\backend\\src\\infra\\db\\postgres\\PhotoRepository\\deletePhotoRepository.ts","statementMap":{"0":{"start":{"line":1,"column":0},"end":{"line":1,"column":63}},"1":{"start":{"line":3,"column":15},"end":{"line":3,"column":33}},"2":{"start":{"line":5,"column":0},"end":{"line":5,"column":13}},"3":{"start":{"line":6,"column":8},"end":{"line":27,"column":null}},"4":{"start":{"line":8,"column":18},"end":{"line":12,"column":null}},"5":{"start":{"line":8,"column":10},"end":{"line":12,"column":null}},"6":{"start":{"line":14,"column":4},"end":{"line":16,"column":null}},"7":{"start":{"line":15,"column":6},"end":{"line":15,"column":null}},"8":{"start":{"line":17,"column":21},"end":{"line":21,"column":null}},"9":{"start":{"line":17,"column":10},"end":{"line":21,"column":null}},"10":{"start":{"line":23,"column":4},"end":{"line":23,"column":null}},"11":{"start":{"line":25,"column":5},"end":{"line":25,"column":null}},"12":{"start":{"line":28,"column":0},"end":{"line":28,"column":null}},"13":{"start":{"line":5,"column":13},"end":{"line":5,"column":32}}},"fnMap":{"0":{"name":"(anonymous_13)","decl":{"start":{"line":5,"column":0},"end":{"line":5,"column":13}},"loc":{"start":{"line":5,"column":0},"end":{"line":28,"column":null}}},"1":{"name":"(anonymous_15)","decl":{"start":{"line":6,"column":2},"end":{"line":6,"column":8}},"loc":{"start":{"line":6,"column":28},"end":{"line":27,"column":null}}}},"branchMap":{"0":{"loc":{"start":{"line":14,"column":4},"end":{"line":16,"column":null}},"type":"if","locations":[{"start":{"line":14,"column":4},"end":{"line":16,"column":null}},{"start":{"line":14,"column":4},"end":{"line":16,"column":null}}]},"1":{"loc":{"start":{"line":23,"column":22},"end":{"line":23,"column":26}},"type":"cond-expr","locations":[{"start":{"line":23,"column":22},"end":{"line":23,"column":26}},{"start":{"line":23,"column":28},"end":{"line":23,"column":33}}]}},"s":{"0":1,"1":1,"2":1,"3":1,"4":0,"5":0,"6":0,"7":0,"8":0,"9":0,"10":0,"11":0,"12":1,"13":1},"f":{"0":1,"1":0},"b":{"0":[0,0],"1":[0,0]}}
,"D:\\projetos\\loja-nexjs-strapi\\backend\\src\\infra\\db\\postgres\\PhotoRepository\\getPhotoRepository.ts": {"path":"D:\\projetos\\loja-nexjs-strapi\\backend\\src\\infra\\db\\postgres\\PhotoRepository\\getPhotoRepository.ts","statementMap":{"0":{"start":{"line":1,"column":0},"end":{"line":1,"column":68}},"1":{"start":{"line":3,"column":15},"end":{"line":3,"column":33}},"2":{"start":{"line":5,"column":0},"end":{"line":5,"column":13}},"3":{"start":{"line":6,"column":8},"end":{"line":25,"column":null}},"4":{"start":{"line":9,"column":21},"end":{"line":13,"column":null}},"5":{"start":{"line":9,"column":10},"end":{"line":13,"column":null}},"6":{"start":{"line":14,"column":4},"end":{"line":16,"column":null}},"7":{"start":{"line":15,"column":6},"end":{"line":15,"column":null}},"8":{"start":{"line":17,"column":10},"end":{"line":20,"column":null}},"9":{"start":{"line":21,"column":4},"end":{"line":21,"column":null}},"10":{"start":{"line":23,"column":5},"end":{"line":23,"column":null}},"11":{"start":{"line":26,"column":0},"end":{"line":26,"column":null}},"12":{"start":{"line":5,"column":13},"end":{"line":5,"column":29}}},"fnMap":{"0":{"name":"(anonymous_13)","decl":{"start":{"line":5,"column":0},"end":{"line":5,"column":13}},"loc":{"start":{"line":5,"column":0},"end":{"line":26,"column":null}}},"1":{"name":"(anonymous_15)","decl":{"start":{"line":6,"column":2},"end":{"line":6,"column":8}},"loc":{"start":{"line":6,"column":25},"end":{"line":25,"column":null}}}},"branchMap":{"0":{"loc":{"start":{"line":14,"column":4},"end":{"line":16,"column":null}},"type":"if","locations":[{"start":{"line":14,"column":4},"end":{"line":16,"column":null}},{"start":{"line":14,"column":4},"end":{"line":16,"column":null}}]},"1":{"loc":{"start":{"line":18,"column":18},"end":{"line":18,"column":20}},"type":"cond-expr","locations":[{"start":{"line":18,"column":18},"end":{"line":18,"column":20}},{"start":{"line":18,"column":10},"end":{"line":18,"column":22}}]},"2":{"loc":{"start":{"line":18,"column":10},"end":{"line":18,"column":20}},"type":"binary-expr","locations":[{"start":{"line":18,"column":10},"end":{"line":18,"column":20}},{"start":{"line":18,"column":10},"end":{"line":18,"column":20}}]},"3":{"loc":{"start":{"line":19,"column":19},"end":{"line":19,"column":21}},"type":"cond-expr","locations":[{"start":{"line":19,"column":19},"end":{"line":19,"column":21}},{"start":{"line":19,"column":11},"end":{"line":19,"column":24}}]},"4":{"loc":{"start":{"line":19,"column":11},"end":{"line":19,"column":21}},"type":"binary-expr","locations":[{"start":{"line":19,"column":11},"end":{"line":19,"column":21}},{"start":{"line":19,"column":11},"end":{"line":19,"column":21}}]}},"s":{"0":1,"1":1,"2":1,"3":1,"4":0,"5":0,"6":0,"7":0,"8":0,"9":0,"10":0,"11":1,"12":1},"f":{"0":1,"1":0},"b":{"0":[0,0],"1":[0,0],"2":[0,0],"3":[0,0],"4":[0,0]}}
,"D:\\projetos\\loja-nexjs-strapi\\backend\\src\\infra\\db\\postgres\\PhotoRepository\\listPhotoRepository.ts": {"path":"D:\\projetos\\loja-nexjs-strapi\\backend\\src\\infra\\db\\postgres\\PhotoRepository\\listPhotoRepository.ts","statementMap":{"0":{"start":{"line":1,"column":0},"end":{"line":1,"column":69}},"1":{"start":{"line":3,"column":15},"end":{"line":3,"column":33}},"2":{"start":{"line":5,"column":0},"end":{"line":5,"column":13}},"3":{"start":{"line":6,"column":8},"end":{"line":13,"column":null}},"4":{"start":{"line":7,"column":3},"end":{"line":12,"column":null}},"5":{"start":{"line":8,"column":10},"end":{"line":8,"column":null}},"6":{"start":{"line":9,"column":4},"end":{"line":9,"column":null}},"7":{"start":{"line":11,"column":5},"end":{"line":11,"column":null}},"8":{"start":{"line":14,"column":0},"end":{"line":14,"column":null}},"9":{"start":{"line":5,"column":13},"end":{"line":5,"column":30}}},"fnMap":{"0":{"name":"(anonymous_13)","decl":{"start":{"line":5,"column":0},"end":{"line":5,"column":13}},"loc":{"start":{"line":5,"column":0},"end":{"line":14,"column":null}}},"1":{"name":"(anonymous_15)","decl":{"start":{"line":6,"column":2},"end":{"line":6,"column":8}},"loc":{"start":{"line":6,"column":2},"end":{"line":13,"column":null}}}},"branchMap":{},"s":{"0":1,"1":1,"2":1,"3":1,"4":0,"5":0,"6":0,"7":0,"8":1,"9":1},"f":{"0":1,"1":0},"b":{}}
,"D:\\projetos\\loja-nexjs-strapi\\backend\\src\\infra\\db\\postgres\\PhotoRepository\\protocols.ts": {"path":"D:\\projetos\\loja-nexjs-strapi\\backend\\src\\infra\\db\\postgres\\PhotoRepository\\protocols.ts","statementMap":{"0":{"start":{"line":2,"column":0},"end":{"line":2,"column":8}},"1":{"start":{"line":2,"column":8},"end":{"line":2,"column":43}}},"fnMap":{"0":{"name":"(anonymous_0)","decl":{"start":{"line":2,"column":8},"end":{"line":2,"column":20}},"loc":{"start":{"line":2,"column":8},"end":{"line":2,"column":43}}}},"branchMap":{},"s":{"0":1,"1":5},"f":{"0":4},"b":{}}
,"D:\\projetos\\loja-nexjs-strapi\\backend\\src\\infra\\db\\postgres\\ProdutoRepository\\addProdutoRepository.ts": {"path":"D:\\projetos\\loja-nexjs-strapi\\backend\\src\\infra\\db\\postgres\\ProdutoRepository\\addProdutoRepository.ts","statementMap":{"0":{"start":{"line":1,"column":0},"end":{"line":1,"column":87}},"1":{"start":{"line":3,"column":16},"end":{"line":3,"column":34}},"2":{"start":{"line":5,"column":0},"end":{"line":5,"column":13}},"3":{"start":{"line":6,"column":8},"end":{"line":57,"column":null}},"4":{"start":{"line":8,"column":23},"end":{"line":30,"column":null}},"5":{"start":{"line":8,"column":12},"end":{"line":30,"column":null}},"6":{"start":{"line":32,"column":12},"end":{"line":52,"column":null}},"7":{"start":{"line":47,"column":10},"end":{"line":50,"column":null}},"8":{"start":{"line":53,"column":6},"end":{"line":53,"column":null}},"9":{"start":{"line":55,"column":6},"end":{"line":55,"column":null}},"10":{"start":{"line":58,"column":0},"end":{"line":58,"column":null}},"11":{"start":{"line":5,"column":13},"end":{"line":5,"column":31}}},"fnMap":{"0":{"name":"(anonymous_13)","decl":{"start":{"line":5,"column":0},"end":{"line":5,"column":13}},"loc":{"start":{"line":5,"column":0},"end":{"line":58,"column":null}}},"1":{"name":"(anonymous_15)","decl":{"start":{"line":6,"column":2},"end":{"line":6,"column":8}},"loc":{"start":{"line":6,"column":34},"end":{"line":57,"column":null}}},"2":{"name":"(anonymous_18)","decl":{"start":{"line":46,"column":36},"end":{"line":46,"column":41}},"loc":{"start":{"line":46,"column":41},"end":{"line":51,"column":9}}}},"branchMap":{"0":{"loc":{"start":{"line":42,"column":41},"end":{"line":42,"column":43}},"type":"cond-expr","locations":[{"start":{"line":42,"column":41},"end":{"line":42,"column":43}},{"start":{"line":42,"column":41},"end":{"line":42,"column":45}}]},"1":{"loc":{"start":{"line":42,"column":16},"end":{"line":42,"column":43}},"type":"binary-expr","locations":[{"start":{"line":42,"column":16},"end":{"line":42,"column":43}},{"start":{"line":42,"column":41},"end":{"line":42,"column":43}}]},"2":{"loc":{"start":{"line":43,"column":42},"end":{"line":43,"column":44}},"type":"cond-expr","locations":[{"start":{"line":43,"column":42},"end":{"line":43,"column":44}},{"start":{"line":43,"column":42},"end":{"line":43,"column":47}}]},"3":{"loc":{"start":{"line":43,"column":17},"end":{"line":43,"column":44}},"type":"binary-expr","locations":[{"start":{"line":43,"column":17},"end":{"line":43,"column":44}},{"start":{"line":43,"column":42},"end":{"line":43,"column":44}}]}},"s":{"0":1,"1":1,"2":1,"3":1,"4":0,"5":0,"6":0,"7":0,"8":0,"9":0,"10":1,"11":1},"f":{"0":1,"1":0,"2":0},"b":{"0":[0,0],"1":[0,0],"2":[0,0],"3":[0,0]}}
,"D:\\projetos\\loja-nexjs-strapi\\backend\\src\\infra\\db\\postgres\\ProdutoRepository\\getProdutoRepository.ts": {"path":"D:\\projetos\\loja-nexjs-strapi\\backend\\src\\infra\\db\\postgres\\ProdutoRepository\\getProdutoRepository.ts","statementMap":{"0":{"start":{"line":1,"column":0},"end":{"line":1,"column":74}},"1":{"start":{"line":3,"column":16},"end":{"line":3,"column":34}},"2":{"start":{"line":5,"column":0},"end":{"line":5,"column":13}},"3":{"start":{"line":6,"column":8},"end":{"line":51,"column":null}},"4":{"start":{"line":8,"column":23},"end":{"line":20,"column":null}},"5":{"start":{"line":8,"column":12},"end":{"line":20,"column":null}},"6":{"start":{"line":21,"column":6},"end":{"line":46,"column":null}},"7":{"start":{"line":22,"column":14},"end":{"line":42,"column":null}},"8":{"start":{"line":29,"column":12},"end":{"line":32,"column":null}},"9":{"start":{"line":43,"column":8},"end":{"line":43,"column":null}},"10":{"start":{"line":45,"column":8},"end":{"line":45,"column":null}},"11":{"start":{"line":49,"column":6},"end":{"line":49,"column":null}},"12":{"start":{"line":52,"column":0},"end":{"line":52,"column":null}},"13":{"start":{"line":5,"column":13},"end":{"line":5,"column":31}}},"fnMap":{"0":{"name":"(anonymous_13)","decl":{"start":{"line":5,"column":0},"end":{"line":5,"column":13}},"loc":{"start":{"line":5,"column":0},"end":{"line":52,"column":null}}},"1":{"name":"(anonymous_15)","decl":{"start":{"line":6,"column":2},"end":{"line":6,"column":8}},"loc":{"start":{"line":6,"column":27},"end":{"line":51,"column":null}}},"2":{"name":"(anonymous_18)","decl":{"start":{"line":28,"column":39},"end":{"line":28,"column":44}},"loc":{"start":{"line":28,"column":44},"end":{"line":33,"column":11}}}},"branchMap":{"0":{"loc":{"start":{"line":21,"column":6},"end":{"line":46,"column":null}},"type":"if","locations":[{"start":{"line":21,"column":6},"end":{"line":46,"column":null}},{"start":{"line":21,"column":6},"end":{"line":46,"column":null}}]},"1":{"loc":{"start":{"line":23,"column":31},"end":{"line":23,"column":33}},"type":"cond-expr","locations":[{"start":{"line":23,"column":31},"end":{"line":23,"column":33}},{"start":{"line":23,"column":23},"end":{"line":23,"column":44}}]},"2":{"loc":{"start":{"line":23,"column":23},"end":{"line":23,"column":33}},"type":"binary-expr","locations":[{"start":{"line":23,"column":23},"end":{"line":23,"column":33}},{"start":{"line":23,"column":23},"end":{"line":23,"column":33}}]},"3":{"loc":{"start":{"line":24,"column":22},"end":{"line":24,"column":24}},"type":"cond-expr","locations":[{"start":{"line":24,"column":22},"end":{"line":24,"column":24}},{"start":{"line":24,"column":14},"end":{"line":24,"column":26}}]},"4":{"loc":{"start":{"line":24,"column":14},"end":{"line":24,"column":24}},"type":"binary-expr","locations":[{"start":{"line":24,"column":14},"end":{"line":24,"column":24}},{"start":{"line":24,"column":14},"end":{"line":24,"column":24}}]},"5":{"loc":{"start":{"line":25,"column":24},"end":{"line":25,"column":26}},"type":"cond-expr","locations":[{"start":{"line":25,"column":24},"end":{"line":25,"column":26}},{"start":{"line":25,"column":16},"end":{"line":25,"column":30}}]},"6":{"loc":{"start":{"line":25,"column":16},"end":{"line":25,"column":26}},"type":"binary-expr","locations":[{"start":{"line":25,"column":16},"end":{"line":25,"column":26}},{"start":{"line":25,"column":16},"end":{"line":25,"column":26}}]},"7":{"loc":{"start":{"line":28,"column":26},"end":{"line":28,"column":28}},"type":"cond-expr","locations":[{"start":{"line":28,"column":26},"end":{"line":28,"column":28}},{"start":{"line":28,"column":18},"end":{"line":33,"column":12}}]},"8":{"loc":{"start":{"line":28,"column":18},"end":{"line":28,"column":28}},"type":"binary-expr","locations":[{"start":{"line":28,"column":18},"end":{"line":28,"column":28}},{"start":{"line":28,"column":18},"end":{"line":28,"column":28}}]},"9":{"loc":{"start":{"line":35,"column":24},"end":{"line":35,"column":26}},"type":"cond-expr","locations":[{"start":{"line":35,"column":24},"end":{"line":35,"column":26}},{"start":{"line":35,"column":16},"end":{"line":35,"column":38}}]},"10":{"loc":{"start":{"line":35,"column":16},"end":{"line":35,"column":26}},"type":"binary-expr","locations":[{"start":{"line":35,"column":16},"end":{"line":35,"column":26}},{"start":{"line":35,"column":16},"end":{"line":35,"column":26}}]},"11":{"loc":{"start":{"line":36,"column":26},"end":{"line":36,"column":28}},"type":"cond-expr","locations":[{"start":{"line":36,"column":26},"end":{"line":36,"column":28}},{"start":{"line":36,"column":18},"end":{"line":36,"column":42}}]},"12":{"loc":{"start":{"line":36,"column":18},"end":{"line":36,"column":28}},"type":"binary-expr","locations":[{"start":{"line":36,"column":18},"end":{"line":36,"column":28}},{"start":{"line":36,"column":18},"end":{"line":36,"column":28}}]},"13":{"loc":{"start":{"line":38,"column":44},"end":{"line":38,"column":46}},"type":"cond-expr","locations":[{"start":{"line":38,"column":44},"end":{"line":38,"column":46}},{"start":{"line":38,"column":44},"end":{"line":38,"column":48}}]},"14":{"loc":{"start":{"line":38,"column":18},"end":{"line":38,"column":46}},"type":"binary-expr","locations":[{"start":{"line":38,"column":18},"end":{"line":38,"column":46}},{"start":{"line":38,"column":44},"end":{"line":38,"column":46}}]},"15":{"loc":{"start":{"line":38,"column":26},"end":{"line":38,"column":28}},"type":"cond-expr","locations":[{"start":{"line":38,"column":26},"end":{"line":38,"column":28}},{"start":{"line":38,"column":18},"end":{"line":38,"column":44}}]},"16":{"loc":{"start":{"line":38,"column":18},"end":{"line":38,"column":28}},"type":"binary-expr","locations":[{"start":{"line":38,"column":18},"end":{"line":38,"column":28}},{"start":{"line":38,"column":18},"end":{"line":38,"column":28}}]},"17":{"loc":{"start":{"line":39,"column":45},"end":{"line":39,"column":47}},"type":"cond-expr","locations":[{"start":{"line":39,"column":45},"end":{"line":39,"column":47}},{"start":{"line":39,"column":45},"end":{"line":39,"column":50}}]},"18":{"loc":{"start":{"line":39,"column":19},"end":{"line":39,"column":47}},"type":"binary-expr","locations":[{"start":{"line":39,"column":19},"end":{"line":39,"column":47}},{"start":{"line":39,"column":45},"end":{"line":39,"column":47}}]},"19":{"loc":{"start":{"line":39,"column":27},"end":{"line":39,"column":29}},"type":"cond-expr","locations":[{"start":{"line":39,"column":27},"end":{"line":39,"column":29}},{"start":{"line":39,"column":19},"end":{"line":39,"column":45}}]},"20":{"loc":{"start":{"line":39,"column":19},"end":{"line":39,"column":29}},"type":"binary-expr","locations":[{"start":{"line":39,"column":19},"end":{"line":39,"column":29}},{"start":{"line":39,"column":19},"end":{"line":39,"column":29}}]}},"s":{"0":0,"1":0,"2":0,"3":0,"4":0,"5":0,"6":0,"7":0,"8":0,"9":0,"10":0,"11":0,"12":0,"13":0},"f":{"0":0,"1":0,"2":0},"b":{"0":[0,0],"1":[0,0],"2":[0,0],"3":[0,0],"4":[0,0],"5":[0,0],"6":[0,0],"7":[0,0],"8":[0,0],"9":[0,0],"10":[0,0],"11":[0,0],"12":[0,0],"13":[0,0],"14":[0,0],"15":[0,0],"16":[0,0],"17":[0,0],"18":[0,0],"19":[0,0],"20":[0,0]}}
,"D:\\projetos\\loja-nexjs-strapi\\backend\\src\\infra\\db\\postgres\\ProdutoRepository\\listProdutoCategoriaRepository.ts": {"path":"D:\\projetos\\loja-nexjs-strapi\\backend\\src\\infra\\db\\postgres\\ProdutoRepository\\listProdutoCategoriaRepository.ts","statementMap":{"0":{"start":{"line":1,"column":0},"end":{"line":1,"column":82}},"1":{"start":{"line":3,"column":15},"end":{"line":3,"column":31}},"2":{"start":{"line":5,"column":0},"end":{"line":5,"column":13}},"3":{"start":{"line":6,"column":8},"end":{"line":52,"column":null}},"4":{"start":{"line":8,"column":12},"end":{"line":8,"column":null}},"5":{"start":{"line":9,"column":12},"end":{"line":9,"column":null}},"6":{"start":{"line":10,"column":23},"end":{"line":24,"column":null}},"7":{"start":{"line":10,"column":12},"end":{"line":24,"column":null}},"8":{"start":{"line":25,"column":12},"end":{"line":47,"column":null}},"9":{"start":{"line":26,"column":8},"end":{"line":46,"column":null}},"10":{"start":{"line":41,"column":10},"end":{"line":44,"column":null}},"11":{"start":{"line":48,"column":6},"end":{"line":48,"column":null}},"12":{"start":{"line":50,"column":6},"end":{"line":50,"column":null}},"13":{"start":{"line":53,"column":0},"end":{"line":53,"column":null}},"14":{"start":{"line":5,"column":13},"end":{"line":5,"column":41}}},"fnMap":{"0":{"name":"(anonymous_13)","decl":{"start":{"line":5,"column":0},"end":{"line":5,"column":13}},"loc":{"start":{"line":5,"column":0},"end":{"line":53,"column":null}}},"1":{"name":"(anonymous_15)","decl":{"start":{"line":6,"column":2},"end":{"line":6,"column":8}},"loc":{"start":{"line":6,"column":44},"end":{"line":52,"column":null}}},"2":{"name":"(anonymous_18)","decl":{"start":{"line":25,"column":53},"end":{"line":25,"column":54}},"loc":{"start":{"line":25,"column":61},"end":{"line":47,"column":7}}},"3":{"name":"(anonymous_19)","decl":{"start":{"line":40,"column":35},"end":{"line":40,"column":40}},"loc":{"start":{"line":40,"column":40},"end":{"line":45,"column":9}}}},"branchMap":{"0":{"loc":{"start":{"line":36,"column":42},"end":{"line":36,"column":44}},"type":"cond-expr","locations":[{"start":{"line":36,"column":42},"end":{"line":36,"column":44}},{"start":{"line":36,"column":42},"end":{"line":36,"column":46}}]},"1":{"loc":{"start":{"line":36,"column":18},"end":{"line":36,"column":44}},"type":"binary-expr","locations":[{"start":{"line":36,"column":18},"end":{"line":36,"column":44}},{"start":{"line":36,"column":42},"end":{"line":36,"column":44}}]},"2":{"loc":{"start":{"line":37,"column":43},"end":{"line":37,"column":45}},"type":"cond-expr","locations":[{"start":{"line":37,"column":43},"end":{"line":37,"column":45}},{"start":{"line":37,"column":43},"end":{"line":37,"column":48}}]},"3":{"loc":{"start":{"line":37,"column":19},"end":{"line":37,"column":45}},"type":"binary-expr","locations":[{"start":{"line":37,"column":19},"end":{"line":37,"column":45}},{"start":{"line":37,"column":43},"end":{"line":37,"column":45}}]}},"s":{"0":0,"1":0,"2":0,"3":0,"4":0,"5":0,"6":0,"7":0,"8":0,"9":0,"10":0,"11":0,"12":0,"13":0,"14":0},"f":{"0":0,"1":0,"2":0,"3":0},"b":{"0":[0,0],"1":[0,0],"2":[0,0],"3":[0,0]}}
,"D:\\projetos\\loja-nexjs-strapi\\backend\\src\\infra\\db\\postgres\\ProdutoRepository\\listProdutoRepository.ts": {"path":"D:\\projetos\\loja-nexjs-strapi\\backend\\src\\infra\\db\\postgres\\ProdutoRepository\\listProdutoRepository.ts","statementMap":{"0":{"start":{"line":1,"column":0},"end":{"line":1,"column":81}},"1":{"start":{"line":3,"column":14},"end":{"line":3,"column":32}},"2":{"start":{"line":5,"column":0},"end":{"line":5,"column":13}},"3":{"start":{"line":6,"column":8},"end":{"line":49,"column":null}},"4":{"start":{"line":7,"column":10},"end":{"line":7,"column":null}},"5":{"start":{"line":9,"column":10},"end":{"line":9,"column":null}},"6":{"start":{"line":10,"column":21},"end":{"line":21,"column":null}},"7":{"start":{"line":10,"column":10},"end":{"line":21,"column":null}},"8":{"start":{"line":22,"column":10},"end":{"line":44,"column":null}},"9":{"start":{"line":23,"column":6},"end":{"line":43,"column":null}},"10":{"start":{"line":38,"column":10},"end":{"line":41,"column":null}},"11":{"start":{"line":45,"column":4},"end":{"line":45,"column":null}},"12":{"start":{"line":47,"column":6},"end":{"line":47,"column":null}},"13":{"start":{"line":50,"column":0},"end":{"line":50,"column":null}},"14":{"start":{"line":5,"column":13},"end":{"line":5,"column":28}}},"fnMap":{"0":{"name":"(anonymous_13)","decl":{"start":{"line":5,"column":0},"end":{"line":5,"column":13}},"loc":{"start":{"line":5,"column":0},"end":{"line":50,"column":null}}},"1":{"name":"(anonymous_15)","decl":{"start":{"line":6,"column":2},"end":{"line":6,"column":8}},"loc":{"start":{"line":6,"column":25},"end":{"line":49,"column":null}}},"2":{"name":"(anonymous_18)","decl":{"start":{"line":22,"column":51},"end":{"line":22,"column":58}},"loc":{"start":{"line":22,"column":58},"end":{"line":44,"column":5}}},"3":{"name":"(anonymous_19)","decl":{"start":{"line":37,"column":35},"end":{"line":37,"column":36}},"loc":{"start":{"line":37,"column":41},"end":{"line":42,"column":9}}}},"branchMap":{"0":{"loc":{"start":{"line":33,"column":40},"end":{"line":33,"column":42}},"type":"cond-expr","locations":[{"start":{"line":33,"column":40},"end":{"line":33,"column":42}},{"start":{"line":33,"column":40},"end":{"line":33,"column":44}}]},"1":{"loc":{"start":{"line":33,"column":16},"end":{"line":33,"column":42}},"type":"binary-expr","locations":[{"start":{"line":33,"column":16},"end":{"line":33,"column":42}},{"start":{"line":33,"column":40},"end":{"line":33,"column":42}}]},"2":{"loc":{"start":{"line":34,"column":41},"end":{"line":34,"column":43}},"type":"cond-expr","locations":[{"start":{"line":34,"column":41},"end":{"line":34,"column":43}},{"start":{"line":34,"column":41},"end":{"line":34,"column":46}}]},"3":{"loc":{"start":{"line":34,"column":17},"end":{"line":34,"column":43}},"type":"binary-expr","locations":[{"start":{"line":34,"column":17},"end":{"line":34,"column":43}},{"start":{"line":34,"column":41},"end":{"line":34,"column":43}}]}},"s":{"0":1,"1":1,"2":1,"3":1,"4":0,"5":0,"6":0,"7":0,"8":0,"9":0,"10":0,"11":0,"12":0,"13":1,"14":1},"f":{"0":1,"1":0,"2":0,"3":0},"b":{"0":[0,0],"1":[0,0],"2":[0,0],"3":[0,0]}}
,"D:\\projetos\\loja-nexjs-strapi\\backend\\src\\infra\\db\\postgres\\ProdutoRepository\\protocols.ts": {"path":"D:\\projetos\\loja-nexjs-strapi\\backend\\src\\infra\\db\\postgres\\ProdutoRepository\\protocols.ts","statementMap":{"0":{"start":{"line":1,"column":0},"end":{"line":1,"column":8}},"1":{"start":{"line":1,"column":8},"end":{"line":1,"column":43}}},"fnMap":{"0":{"name":"(anonymous_0)","decl":{"start":{"line":1,"column":8},"end":{"line":1,"column":20}},"loc":{"start":{"line":1,"column":8},"end":{"line":1,"column":43}}}},"branchMap":{},"s":{"0":1,"1":3},"f":{"0":2},"b":{}}
,"D:\\projetos\\loja-nexjs-strapi\\backend\\src\\main\\app.ts": {"path":"D:\\projetos\\loja-nexjs-strapi\\backend\\src\\main\\app.ts","statementMap":{"0":{"start":{"line":1,"column":0},"end":{"line":1,"column":29}},"1":{"start":{"line":2,"column":0},"end":{"line":2,"column":64}},"2":{"start":{"line":3,"column":0},"end":{"line":3,"column":52}},"3":{"start":{"line":4,"column":0},"end":{"line":4,"column":58}},"4":{"start":{"line":6,"column":0},"end":{"line":6,"column":null}},"5":{"start":{"line":9,"column":4},"end":{"line":9,"column":null}},"6":{"start":{"line":10,"column":4},"end":{"line":10,"column":null}},"7":{"start":{"line":11,"column":4},"end":{"line":11,"column":null}},"8":{"start":{"line":14,"column":2},"end":{"line":16,"column":null}},"9":{"start":{"line":15,"column":4},"end":{"line":15,"column":null}},"10":{"start":{"line":18,"column":2},"end":{"line":22,"column":null}},"11":{"start":{"line":19,"column":4},"end":{"line":19,"column":null}},"12":{"start":{"line":20,"column":4},"end":{"line":20,"column":null}},"13":{"start":{"line":21,"column":4},"end":{"line":21,"column":null}},"14":{"start":{"line":23,"column":0},"end":{"line":23,"column":null}},"15":{"start":{"line":25,"column":0},"end":{"line":25,"column":35}}},"fnMap":{"0":{"name":"(anonymous_1)","decl":{"start":{"line":6,"column":0},"end":{"line":6,"column":null}},"loc":{"start":{"line":6,"column":0},"end":{"line":23,"column":null}}},"1":{"name":"server","decl":{"start":{"line":8,"column":2},"end":{"line":8,"column":null}},"loc":{"start":{"line":8,"column":2},"end":{"line":12,"column":3}}},"2":{"name":"(anonymous_3)","decl":{"start":{"line":14,"column":2},"end":{"line":14,"column":10}},"loc":{"start":{"line":14,"column":2},"end":{"line":16,"column":3}}},"3":{"name":"(anonymous_4)","decl":{"start":{"line":18,"column":2},"end":{"line":18,"column":8}},"loc":{"start":{"line":18,"column":2},"end":{"line":22,"column":3}}}},"branchMap":{},"s":{"0":0,"1":0,"2":0,"3":0,"4":0,"5":0,"6":0,"7":0,"8":0,"9":0,"10":0,"11":0,"12":0,"13":0,"14":0,"15":0},"f":{"0":0,"1":0,"2":0,"3":0},"b":{}}
,"D:\\projetos\\loja-nexjs-strapi\\backend\\src\\main\\server.ts": {"path":"D:\\projetos\\loja-nexjs-strapi\\backend\\src\\main\\server.ts","statementMap":{"0":{"start":{"line":1,"column":0},"end":{"line":1,"column":26}},"1":{"start":{"line":3,"column":0},"end":{"line":3,"column":null}},"2":{"start":{"line":3,"column":25},"end":{"line":3,"column":68}}},"fnMap":{"0":{"name":"(anonymous_1)","decl":{"start":{"line":3,"column":20},"end":{"line":3,"column":25}},"loc":{"start":{"line":3,"column":20},"end":{"line":3,"column":32}}}},"branchMap":{},"s":{"0":0,"1":0,"2":0},"f":{"0":0},"b":{}}
,"D:\\projetos\\loja-nexjs-strapi\\backend\\src\\main\\adapters\\expresse-route-adapter.ts": {"path":"D:\\projetos\\loja-nexjs-strapi\\backend\\src\\main\\adapters\\expresse-route-adapter.ts","statementMap":{"0":{"start":{"line":5,"column":28},"end":{"line":17,"column":1}},"1":{"start":{"line":6,"column":2},"end":{"line":14,"column":null}},"2":{"start":{"line":6,"column":43},"end":{"line":14,"column":null}},"3":{"start":{"line":7,"column":10},"end":{"line":11,"column":null}},"4":{"start":{"line":12,"column":35},"end":{"line":12,"column":null}},"5":{"start":{"line":12,"column":10},"end":{"line":12,"column":null}},"6":{"start":{"line":13,"column":4},"end":{"line":13,"column":null}},"7":{"start":{"line":5,"column":13},"end":{"line":5,"column":28}}},"fnMap":{"0":{"name":"(anonymous_13)","decl":{"start":{"line":5,"column":28},"end":{"line":5,"column":29}},"loc":{"start":{"line":5,"column":53},"end":{"line":17,"column":1}}},"1":{"name":"(anonymous_14)","decl":{"start":{"line":6,"column":9},"end":{"line":6,"column":16}},"loc":{"start":{"line":6,"column":43},"end":{"line":14,"column":null}}},"2":{"name":"(anonymous_15)","decl":{"start":{"line":6,"column":43},"end":{"line":6,"column":null}},"loc":{"start":{"line":6,"column":43},"end":{"line":14,"column":null}}}},"branchMap":{},"s":{"0":0,"1":0,"2":0,"3":0,"4":0,"5":0,"6":0,"7":0},"f":{"0":0,"1":0,"2":0},"b":{}}
,"D:\\projetos\\loja-nexjs-strapi\\backend\\src\\main\\config\\s3.ts": {"path":"D:\\projetos\\loja-nexjs-strapi\\backend\\src\\main\\config\\s3.ts","statementMap":{"0":{"start":{"line":1,"column":0},"end":{"line":1,"column":null}},"1":{"start":{"line":3,"column":2},"end":{"line":6,"column":null}}},"fnMap":{},"branchMap":{},"s":{"0":0,"1":0},"f":{},"b":{}}
,"D:\\projetos\\loja-nexjs-strapi\\backend\\src\\main\\factories\\protocols.ts": {"path":"D:\\projetos\\loja-nexjs-strapi\\backend\\src\\main\\factories\\protocols.ts","statementMap":{"0":{"start":{"line":1,"column":0},"end":{"line":1,"column":82}},"1":{"start":{"line":2,"column":0},"end":{"line":2,"column":74}},"2":{"start":{"line":3,"column":0},"end":{"line":3,"column":85}},"3":{"start":{"line":4,"column":0},"end":{"line":4,"column":85}},"4":{"start":{"line":5,"column":0},"end":{"line":5,"column":77}},"5":{"start":{"line":6,"column":0},"end":{"line":6,"column":75}},"6":{"start":{"line":7,"column":0},"end":{"line":7,"column":74}},"7":{"start":{"line":8,"column":0},"end":{"line":8,"column":78}},"8":{"start":{"line":9,"column":0},"end":{"line":9,"column":82}},"9":{"start":{"line":10,"column":0},"end":{"line":10,"column":83}},"10":{"start":{"line":11,"column":0},"end":{"line":11,"column":79}},"11":{"start":{"line":13,"column":0},"end":{"line":13,"column":58}},"12":{"start":{"line":14,"column":0},"end":{"line":14,"column":50}},"13":{"start":{"line":15,"column":0},"end":{"line":15,"column":61}},"14":{"start":{"line":16,"column":0},"end":{"line":16,"column":61}},"15":{"start":{"line":17,"column":0},"end":{"line":17,"column":53}},"16":{"start":{"line":18,"column":0},"end":{"line":18,"column":51}},"17":{"start":{"line":19,"column":0},"end":{"line":19,"column":50}},"18":{"start":{"line":20,"column":0},"end":{"line":20,"column":54}},"19":{"start":{"line":21,"column":0},"end":{"line":21,"column":58}},"20":{"start":{"line":22,"column":0},"end":{"line":22,"column":59}},"21":{"start":{"line":23,"column":0},"end":{"line":23,"column":55}},"22":{"start":{"line":26,"column":0},"end":{"line":26,"column":82}},"23":{"start":{"line":27,"column":0},"end":{"line":27,"column":70}},"24":{"start":{"line":28,"column":0},"end":{"line":28,"column":88}},"25":{"start":{"line":29,"column":0},"end":{"line":29,"column":88}},"26":{"start":{"line":30,"column":0},"end":{"line":30,"column":76}},"27":{"start":{"line":31,"column":0},"end":{"line":31,"column":73}},"28":{"start":{"line":32,"column":0},"end":{"line":32,"column":70}},"29":{"start":{"line":33,"column":0},"end":{"line":33,"column":76}},"30":{"start":{"line":34,"column":0},"end":{"line":34,"column":82}},"31":{"start":{"line":35,"column":0},"end":{"line":35,"column":85}},"32":{"start":{"line":36,"column":0},"end":{"line":36,"column":78}}},"fnMap":{},"branchMap":{},"s":{"0":1,"1":1,"2":1,"3":1,"4":1,"5":1,"6":1,"7":1,"8":1,"9":1,"10":1,"11":1,"12":1,"13":1,"14":1,"15":1,"16":1,"17":1,"18":1,"19":1,"20":1,"21":1,"22":1,"23":1,"24":1,"25":1,"26":1,"27":1,"28":1,"29":1,"30":1,"31":1,"32":1},"f":{},"b":{}}
,"D:\\projetos\\loja-nexjs-strapi\\backend\\src\\main\\factories\\Categoria\\addCategoriaFactory.ts": {"path":"D:\\projetos\\loja-nexjs-strapi\\backend\\src\\main\\factories\\Categoria\\addCategoriaFactory.ts","statementMap":{"0":{"start":{"line":1,"column":0},"end":{"line":1,"column":79}},"1":{"start":{"line":6,"column":35},"end":{"line":12,"column":1}},"2":{"start":{"line":8,"column":28},"end":{"line":8,"column":54}},"3":{"start":{"line":9,"column":27},"end":{"line":9,"column":64}},"4":{"start":{"line":10,"column":35},"end":{"line":10,"column":69}},"5":{"start":{"line":11,"column":2},"end":{"line":11,"column":null}},"6":{"start":{"line":6,"column":13},"end":{"line":6,"column":35}}},"fnMap":{"0":{"name":"(anonymous_0)","decl":{"start":{"line":6,"column":35},"end":{"line":6,"column":null}},"loc":{"start":{"line":6,"column":35},"end":{"line":12,"column":1}}}},"branchMap":{},"s":{"0":0,"1":0,"2":0,"3":0,"4":0,"5":0,"6":0},"f":{"0":0},"b":{}}
,"D:\\projetos\\loja-nexjs-strapi\\backend\\src\\main\\factories\\Categoria\\deleteCategoriaFactory.ts": {"path":"D:\\projetos\\loja-nexjs-strapi\\backend\\src\\main\\factories\\Categoria\\deleteCategoriaFactory.ts","statementMap":{"0":{"start":{"line":1,"column":0},"end":{"line":1,"column":84}},"1":{"start":{"line":3,"column":38},"end":{"line":9,"column":1}},"2":{"start":{"line":4,"column":31},"end":{"line":4,"column":54}},"3":{"start":{"line":5,"column":30},"end":{"line":5,"column":73}},"4":{"start":{"line":6,"column":38},"end":{"line":6,"column":78}},"5":{"start":{"line":8,"column":2},"end":{"line":8,"column":null}},"6":{"start":{"line":3,"column":13},"end":{"line":3,"column":38}}},"fnMap":{"0":{"name":"(anonymous_0)","decl":{"start":{"line":3,"column":38},"end":{"line":3,"column":null}},"loc":{"start":{"line":3,"column":38},"end":{"line":9,"column":1}}}},"branchMap":{},"s":{"0":0,"1":0,"2":0,"3":0,"4":0,"5":0,"6":0},"f":{"0":0},"b":{}}
,"D:\\projetos\\loja-nexjs-strapi\\backend\\src\\main\\factories\\Categoria\\listCategoriaFactory.ts": {"path":"D:\\projetos\\loja-nexjs-strapi\\backend\\src\\main\\factories\\Categoria\\listCategoriaFactory.ts","statementMap":{"0":{"start":{"line":1,"column":0},"end":{"line":1,"column":82}},"1":{"start":{"line":3,"column":34},"end":{"line":8,"column":1}},"2":{"start":{"line":4,"column":29},"end":{"line":4,"column":56}},"3":{"start":{"line":5,"column":28},"end":{"line":5,"column":67}},"4":{"start":{"line":6,"column":36},"end":{"line":6,"column":72}},"5":{"start":{"line":7,"column":2},"end":{"line":7,"column":null}},"6":{"start":{"line":3,"column":13},"end":{"line":3,"column":34}}},"fnMap":{"0":{"name":"(anonymous_0)","decl":{"start":{"line":3,"column":34},"end":{"line":3,"column":null}},"loc":{"start":{"line":3,"column":34},"end":{"line":8,"column":1}}}},"branchMap":{},"s":{"0":0,"1":0,"2":0,"3":0,"4":0,"5":0,"6":0},"f":{"0":0},"b":{}}
,"D:\\projetos\\loja-nexjs-strapi\\backend\\src\\main\\factories\\Categoria\\updateCategoriaFactory.ts": {"path":"D:\\projetos\\loja-nexjs-strapi\\backend\\src\\main\\factories\\Categoria\\updateCategoriaFactory.ts","statementMap":{"0":{"start":{"line":1,"column":0},"end":{"line":1,"column":88}},"1":{"start":{"line":3,"column":39},"end":{"line":8,"column":1}},"2":{"start":{"line":4,"column":31},"end":{"line":4,"column":58}},"3":{"start":{"line":5,"column":30},"end":{"line":5,"column":73}},"4":{"start":{"line":6,"column":38},"end":{"line":6,"column":78}},"5":{"start":{"line":7,"column":2},"end":{"line":7,"column":null}},"6":{"start":{"line":3,"column":14},"end":{"line":3,"column":39}}},"fnMap":{"0":{"name":"(anonymous_0)","decl":{"start":{"line":3,"column":39},"end":{"line":3,"column":null}},"loc":{"start":{"line":3,"column":39},"end":{"line":8,"column":1}}}},"branchMap":{},"s":{"0":0,"1":0,"2":0,"3":0,"4":0,"5":0,"6":0},"f":{"0":0},"b":{}}
,"D:\\projetos\\loja-nexjs-strapi\\backend\\src\\main\\factories\\Photo\\addPhotoFactory.ts": {"path":"D:\\projetos\\loja-nexjs-strapi\\backend\\src\\main\\factories\\Photo\\addPhotoFactory.ts","statementMap":{"0":{"start":{"line":1,"column":0},"end":{"line":1,"column":67}},"1":{"start":{"line":4,"column":31},"end":{"line":9,"column":1}},"2":{"start":{"line":5,"column":24},"end":{"line":5,"column":46}},"3":{"start":{"line":6,"column":23},"end":{"line":6,"column":52}},"4":{"start":{"line":7,"column":34},"end":{"line":7,"column":60}},"5":{"start":{"line":8,"column":2},"end":{"line":8,"column":null}},"6":{"start":{"line":4,"column":13},"end":{"line":4,"column":31}}},"fnMap":{"0":{"name":"(anonymous_0)","decl":{"start":{"line":4,"column":31},"end":{"line":4,"column":null}},"loc":{"start":{"line":4,"column":31},"end":{"line":9,"column":1}}}},"branchMap":{},"s":{"0":0,"1":0,"2":0,"3":0,"4":0,"5":0,"6":0},"f":{"0":0},"b":{}}
,"D:\\projetos\\loja-nexjs-strapi\\backend\\src\\main\\factories\\Photo\\deletePhotoFactory.ts": {"path":"D:\\projetos\\loja-nexjs-strapi\\backend\\src\\main\\factories\\Photo\\deletePhotoFactory.ts","statementMap":{"0":{"start":{"line":1,"column":0},"end":{"line":1,"column":76}},"1":{"start":{"line":2,"column":0},"end":{"line":2,"column":57}},"2":{"start":{"line":3,"column":0},"end":{"line":3,"column":51}},"3":{"start":{"line":5,"column":34},"end":{"line":15,"column":1}},"4":{"start":{"line":6,"column":27},"end":{"line":6,"column":50}},"5":{"start":{"line":7,"column":26},"end":{"line":7,"column":61}},"6":{"start":{"line":8,"column":24},"end":{"line":8,"column":44}},"7":{"start":{"line":9,"column":23},"end":{"line":9,"column":52}},"8":{"start":{"line":10,"column":25},"end":{"line":10,"column":39}},"9":{"start":{"line":11,"column":34},"end":{"line":11,"column":96}},"10":{"start":{"line":13,"column":2},"end":{"line":13,"column":null}},"11":{"start":{"line":5,"column":13},"end":{"line":5,"column":34}}},"fnMap":{"0":{"name":"(anonymous_0)","decl":{"start":{"line":5,"column":34},"end":{"line":5,"column":null}},"loc":{"start":{"line":5,"column":34},"end":{"line":15,"column":1}}}},"branchMap":{},"s":{"0":0,"1":0,"2":0,"3":0,"4":0,"5":0,"6":0,"7":0,"8":0,"9":0,"10":0,"11":0},"f":{"0":0},"b":{}}
,"D:\\projetos\\loja-nexjs-strapi\\backend\\src\\main\\factories\\Photo\\getPhotoFactory.ts": {"path":"D:\\projetos\\loja-nexjs-strapi\\backend\\src\\main\\factories\\Photo\\getPhotoFactory.ts","statementMap":{"0":{"start":{"line":1,"column":0},"end":{"line":1,"column":67}},"1":{"start":{"line":3,"column":31},"end":{"line":9,"column":1}},"2":{"start":{"line":4,"column":24},"end":{"line":4,"column":44}},"3":{"start":{"line":5,"column":23},"end":{"line":5,"column":52}},"4":{"start":{"line":6,"column":31},"end":{"line":6,"column":57}},"5":{"start":{"line":8,"column":2},"end":{"line":8,"column":null}},"6":{"start":{"line":3,"column":13},"end":{"line":3,"column":31}}},"fnMap":{"0":{"name":"(anonymous_0)","decl":{"start":{"line":3,"column":31},"end":{"line":3,"column":null}},"loc":{"start":{"line":3,"column":31},"end":{"line":9,"column":1}}}},"branchMap":{},"s":{"0":0,"1":0,"2":0,"3":0,"4":0,"5":0,"6":0},"f":{"0":0},"b":{}}
,"D:\\projetos\\loja-nexjs-strapi\\backend\\src\\main\\factories\\Photo\\listPhotoFactory.ts": {"path":"D:\\projetos\\loja-nexjs-strapi\\backend\\src\\main\\factories\\Photo\\listPhotoFactory.ts","statementMap":{"0":{"start":{"line":1,"column":0},"end":{"line":1,"column":71}},"1":{"start":{"line":3,"column":32},"end":{"line":9,"column":1}},"2":{"start":{"line":4,"column":24},"end":{"line":4,"column":45}},"3":{"start":{"line":5,"column":24},"end":{"line":5,"column":55}},"4":{"start":{"line":6,"column":33},"end":{"line":6,"column":62}},"5":{"start":{"line":8,"column":2},"end":{"line":8,"column":null}},"6":{"start":{"line":3,"column":13},"end":{"line":3,"column":32}}},"fnMap":{"0":{"name":"(anonymous_0)","decl":{"start":{"line":3,"column":32},"end":{"line":3,"column":null}},"loc":{"start":{"line":3,"column":32},"end":{"line":9,"column":1}}}},"branchMap":{},"s":{"0":0,"1":0,"2":0,"3":0,"4":0,"5":0,"6":0},"f":{"0":0},"b":{}}
,"D:\\projetos\\loja-nexjs-strapi\\backend\\src\\main\\factories\\Produto\\addProdutoFactory.ts": {"path":"D:\\projetos\\loja-nexjs-strapi\\backend\\src\\main\\factories\\Produto\\addProdutoFactory.ts","statementMap":{"0":{"start":{"line":1,"column":0},"end":{"line":1,"column":73}},"1":{"start":{"line":3,"column":33},"end":{"line":9,"column":1}},"2":{"start":{"line":4,"column":26},"end":{"line":4,"column":48}},"3":{"start":{"line":5,"column":25},"end":{"line":5,"column":58}},"4":{"start":{"line":6,"column":33},"end":{"line":6,"column":63}},"5":{"start":{"line":8,"column":2},"end":{"line":8,"column":null}},"6":{"start":{"line":3,"column":13},"end":{"line":3,"column":33}}},"fnMap":{"0":{"name":"(anonymous_0)","decl":{"start":{"line":3,"column":33},"end":{"line":3,"column":null}},"loc":{"start":{"line":3,"column":33},"end":{"line":9,"column":1}}}},"branchMap":{},"s":{"0":0,"1":0,"2":0,"3":0,"4":0,"5":0,"6":0},"f":{"0":0},"b":{}}
,"D:\\projetos\\loja-nexjs-strapi\\backend\\src\\main\\factories\\Produto\\getProdutoFactory.ts": {"path":"D:\\projetos\\loja-nexjs-strapi\\backend\\src\\main\\factories\\Produto\\getProdutoFactory.ts","statementMap":{"0":{"start":{"line":1,"column":0},"end":{"line":1,"column":100}},"1":{"start":{"line":2,"column":0},"end":{"line":2,"column":70}},"2":{"start":{"line":3,"column":0},"end":{"line":3,"column":102}},"3":{"start":{"line":5,"column":33},"end":{"line":10,"column":1}},"4":{"start":{"line":6,"column":26},"end":{"line":6,"column":48}},"5":{"start":{"line":7,"column":25},"end":{"line":7,"column":58}},"6":{"start":{"line":8,"column":25},"end":{"line":8,"column":67}},"7":{"start":{"line":9,"column":2},"end":{"line":9,"column":null}},"8":{"start":{"line":5,"column":13},"end":{"line":5,"column":33}}},"fnMap":{"0":{"name":"(anonymous_0)","decl":{"start":{"line":5,"column":33},"end":{"line":5,"column":null}},"loc":{"start":{"line":5,"column":33},"end":{"line":10,"column":1}}}},"branchMap":{},"s":{"0":0,"1":0,"2":0,"3":0,"4":0,"5":0,"6":0,"7":0,"8":0},"f":{"0":0},"b":{}}
,"D:\\projetos\\loja-nexjs-strapi\\backend\\src\\main\\factories\\Produto\\listProdutoCategoriaFactory.ts": {"path":"D:\\projetos\\loja-nexjs-strapi\\backend\\src\\main\\factories\\Produto\\listProdutoCategoriaFactory.ts","statementMap":{"0":{"start":{"line":1,"column":0},"end":{"line":1,"column":120}},"1":{"start":{"line":2,"column":0},"end":{"line":2,"column":90}},"2":{"start":{"line":3,"column":0},"end":{"line":3,"column":120}},"3":{"start":{"line":6,"column":43},"end":{"line":11,"column":1}},"4":{"start":{"line":7,"column":36},"end":{"line":7,"column":68}},"5":{"start":{"line":8,"column":35},"end":{"line":8,"column":88}},"6":{"start":{"line":9,"column":43},"end":{"line":9,"column":93}},"7":{"start":{"line":10,"column":2},"end":{"line":10,"column":null}},"8":{"start":{"line":6,"column":13},"end":{"line":6,"column":43}}},"fnMap":{"0":{"name":"(anonymous_0)","decl":{"start":{"line":6,"column":43},"end":{"line":6,"column":null}},"loc":{"start":{"line":6,"column":43},"end":{"line":11,"column":1}}}},"branchMap":{},"s":{"0":0,"1":0,"2":0,"3":0,"4":0,"5":0,"6":0,"7":0,"8":0},"f":{"0":0},"b":{}}
,"D:\\projetos\\loja-nexjs-strapi\\backend\\src\\main\\factories\\Produto\\listProdutoFactory.ts": {"path":"D:\\projetos\\loja-nexjs-strapi\\backend\\src\\main\\factories\\Produto\\listProdutoFactory.ts","statementMap":{"0":{"start":{"line":1,"column":0},"end":{"line":1,"column":93}},"1":{"start":{"line":2,"column":0},"end":{"line":2,"column":72}},"2":{"start":{"line":3,"column":0},"end":{"line":3,"column":98}},"3":{"start":{"line":5,"column":34},"end":{"line":10,"column":1}},"4":{"start":{"line":6,"column":28},"end":{"line":6,"column":47}},"5":{"start":{"line":7,"column":26},"end":{"line":7,"column":62}},"6":{"start":{"line":8,"column":34},"end":{"line":8,"column":66}},"7":{"start":{"line":9,"column":2},"end":{"line":9,"column":null}},"8":{"start":{"line":5,"column":13},"end":{"line":5,"column":34}}},"fnMap":{"0":{"name":"(anonymous_0)","decl":{"start":{"line":5,"column":34},"end":{"line":5,"column":null}},"loc":{"start":{"line":5,"column":34},"end":{"line":10,"column":1}}}},"branchMap":{},"s":{"0":0,"1":0,"2":0,"3":0,"4":0,"5":0,"6":0,"7":0,"8":0},"f":{"0":0},"b":{}}
,"D:\\projetos\\loja-nexjs-strapi\\backend\\src\\main\\midwares\\multer.ts": {"path":"D:\\projetos\\loja-nexjs-strapi\\backend\\src\\main\\midwares\\multer.ts","statementMap":{"0":{"start":{"line":1,"column":0},"end":{"line":1,"column":28}},"1":{"start":{"line":2,"column":0},"end":{"line":2,"column":24}},"2":{"start":{"line":3,"column":0},"end":{"line":3,"column":27}},"3":{"start":{"line":4,"column":0},"end":{"line":4,"column":26}},"4":{"start":{"line":5,"column":0},"end":{"line":5,"column":33}},"5":{"start":{"line":6,"column":0},"end":{"line":6,"column":39}},"6":{"start":{"line":7,"column":0},"end":{"line":7,"column":27}},"7":{"start":{"line":10,"column":0},"end":{"line":10,"column":31}},"8":{"start":{"line":13,"column":21},"end":{"line":41,"column":2}},"9":{"start":{"line":17,"column":6},"end":{"line":17,"column":63}},"10":{"start":{"line":20,"column":6},"end":{"line":25,"column":9}},"11":{"start":{"line":21,"column":8},"end":{"line":21,"column":null}},"12":{"start":{"line":21,"column":19},"end":{"line":21,"column":null}},"13":{"start":{"line":22,"column":8},"end":{"line":22,"column":null}},"14":{"start":{"line":23,"column":24},"end":{"line":23,"column":67}},"15":{"start":{"line":24,"column":8},"end":{"line":24,"column":23}},"16":{"start":{"line":34,"column":6},"end":{"line":38,"column":9}},"17":{"start":{"line":35,"column":8},"end":{"line":35,"column":29}},"18":{"start":{"line":35,"column":19},"end":{"line":35,"column":29}},"19":{"start":{"line":36,"column":28},"end":{"line":36,"column":71}},"20":{"start":{"line":37,"column":8},"end":{"line":37,"column":27}},"21":{"start":{"line":43,"column":0},"end":{"line":63,"column":2}},"22":{"start":{"line":50,"column":25},"end":{"line":56,"column":6}},"23":{"start":{"line":57,"column":4},"end":{"line":61,"column":null}},"24":{"start":{"line":58,"column":6},"end":{"line":58,"column":27}},"25":{"start":{"line":60,"column":6},"end":{"line":60,"column":48}}},"fnMap":{"0":{"name":"(anonymous_1)","decl":{"start":{"line":15,"column":17},"end":{"line":15,"column":18}},"loc":{"start":{"line":15,"column":31},"end":{"line":18,"column":5}}},"1":{"name":"(anonymous_2)","decl":{"start":{"line":19,"column":14},"end":{"line":19,"column":15}},"loc":{"start":{"line":19,"column":28},"end":{"line":26,"column":5}}},"2":{"name":"(anonymous_3)","decl":{"start":{"line":20,"column":29},"end":{"line":20,"column":30}},"loc":{"start":{"line":20,"column":41},"end":{"line":25,"column":7}}},"3":{"name":"(anonymous_4)","decl":{"start":{"line":33,"column":9},"end":{"line":33,"column":10}},"loc":{"start":{"line":33,"column":23},"end":{"line":39,"column":5}}},"4":{"name":"(anonymous_5)","decl":{"start":{"line":34,"column":29},"end":{"line":34,"column":30}},"loc":{"start":{"line":34,"column":41},"end":{"line":38,"column":7}}},"5":{"name":"(anonymous_6)","decl":{"start":{"line":49,"column":14},"end":{"line":49,"column":15}},"loc":{"start":{"line":49,"column":49},"end":{"line":62,"column":3}}}},"branchMap":{"0":{"loc":{"start":{"line":21,"column":8},"end":{"line":21,"column":null}},"type":"if","locations":[{"start":{"line":21,"column":8},"end":{"line":21,"column":null}},{"start":{"line":21,"column":8},"end":{"line":21,"column":null}}]},"1":{"loc":{"start":{"line":35,"column":8},"end":{"line":35,"column":29}},"type":"if","locations":[{"start":{"line":35,"column":8},"end":{"line":35,"column":29}},{"start":{"line":35,"column":8},"end":{"line":35,"column":29}}]},"2":{"loc":{"start":{"line":57,"column":4},"end":{"line":61,"column":null}},"type":"if","locations":[{"start":{"line":57,"column":4},"end":{"line":61,"column":null}},{"start":{"line":57,"column":4},"end":{"line":61,"column":null}}]}},"s":{"0":0,"1":0,"2":0,"3":0,"4":0,"5":0,"6":0,"7":0,"8":0,"9":0,"10":0,"11":0,"12":0,"13":0,"14":0,"15":0,"16":0,"17":0,"18":0,"19":0,"20":0,"21":0,"22":0,"23":0,"24":0,"25":0},"f":{"0":0,"1":0,"2":0,"3":0,"4":0,"5":0},"b":{"0":[0,0],"1":[0,0],"2":[0,0]}}
,"D:\\projetos\\loja-nexjs-strapi\\backend\\src\\main\\routes\\factoryProdutocols.ts": {"path":"D:\\projetos\\loja-nexjs-strapi\\backend\\src\\main\\routes\\factoryProdutocols.ts","statementMap":{"0":{"start":{"line":1,"column":0},"end":{"line":1,"column":8}},"1":{"start":{"line":1,"column":8},"end":{"line":1,"column":78}},"2":{"start":{"line":2,"column":0},"end":{"line":2,"column":8}},"3":{"start":{"line":2,"column":8},"end":{"line":2,"column":66}},"4":{"start":{"line":3,"column":0},"end":{"line":3,"column":8}},"5":{"start":{"line":3,"column":8},"end":{"line":3,"column":80}},"6":{"start":{"line":4,"column":0},"end":{"line":4,"column":8}},"7":{"start":{"line":4,"column":8},"end":{"line":4,"column":84}},"8":{"start":{"line":5,"column":0},"end":{"line":5,"column":9}},"9":{"start":{"line":5,"column":9},"end":{"line":5,"column":86}},"10":{"start":{"line":6,"column":0},"end":{"line":6,"column":9}},"11":{"start":{"line":6,"column":9},"end":{"line":6,"column":74}},"12":{"start":{"line":7,"column":0},"end":{"line":7,"column":9}},"13":{"start":{"line":7,"column":9},"end":{"line":7,"column":70}},"14":{"start":{"line":8,"column":0},"end":{"line":8,"column":8}},"15":{"start":{"line":8,"column":8},"end":{"line":8,"column":66}},"16":{"start":{"line":9,"column":0},"end":{"line":9,"column":9}},"17":{"start":{"line":9,"column":9},"end":{"line":9,"column":74}},"18":{"start":{"line":10,"column":0},"end":{"line":10,"column":8}},"19":{"start":{"line":10,"column":8},"end":{"line":10,"column":74}},"20":{"start":{"line":11,"column":0},"end":{"line":11,"column":8}},"21":{"start":{"line":11,"column":8},"end":{"line":11,"column":92}},"22":{"start":{"line":12,"column":0},"end":{"line":12,"column":8}},"23":{"start":{"line":12,"column":8},"end":{"line":12,"column":72}}},"fnMap":{"0":{"name":"(anonymous_0)","decl":{"start":{"line":1,"column":8},"end":{"line":1,"column":27}},"loc":{"start":{"line":1,"column":8},"end":{"line":1,"column":78}}},"1":{"name":"(anonymous_1)","decl":{"start":{"line":2,"column":8},"end":{"line":2,"column":23}},"loc":{"start":{"line":2,"column":8},"end":{"line":2,"column":66}}},"2":{"name":"(anonymous_2)","decl":{"start":{"line":3,"column":8},"end":{"line":3,"column":28}},"loc":{"start":{"line":3,"column":8},"end":{"line":3,"column":80}}},"3":{"name":"(anonymous_3)","decl":{"start":{"line":4,"column":8},"end":{"line":4,"column":30}},"loc":{"start":{"line":4,"column":8},"end":{"line":4,"column":84}}},"4":{"name":"(anonymous_4)","decl":{"start":{"line":5,"column":9},"end":{"line":5,"column":31}},"loc":{"start":{"line":5,"column":9},"end":{"line":5,"column":86}}},"5":{"name":"(anonymous_5)","decl":{"start":{"line":6,"column":9},"end":{"line":6,"column":27}},"loc":{"start":{"line":6,"column":9},"end":{"line":6,"column":74}}},"6":{"name":"(anonymous_6)","decl":{"start":{"line":7,"column":9},"end":{"line":7,"column":25}},"loc":{"start":{"line":7,"column":9},"end":{"line":7,"column":70}}},"7":{"name":"(anonymous_7)","decl":{"start":{"line":8,"column":8},"end":{"line":8,"column":23}},"loc":{"start":{"line":8,"column":8},"end":{"line":8,"column":66}}},"8":{"name":"(anonymous_8)","decl":{"start":{"
[...]
,"D:\\projetos\\loja-nexjs-strapi\\backend\\src\\presentation\\Controllers\\Photo\\listPhotos\\listPhoto.ts": {"path":"D:\\projetos\\loja-nexjs-strapi\\backend\\src\\presentation\\Controllers\\Photo\\listPhotos\\listPhoto.ts","statementMap":{"0":{"start":{"line":2,"column":0},"end":{"line":2,"column":118}},"1":{"start":{"line":5,"column":0},"end":{"line":5,"column":13}},"2":{"start":{"line":9,"column":4},"end":{"line":9,"column":null}},"3":{"start":{"line":11,"column":8},"end":{"line":18,"column":null}},"4":{"start":{"line":13,"column":23},"end":{"line":13,"column":null}},"5":{"start":{"line":13,"column":12},"end":{"line":13,"column":null}},"6":{"start":{"line":14,"column":6},"end":{"line":14,"column":null}},"7":{"start":{"line":16,"column":6},"end":{"line":16,"column":null}},"8":{"start":{"line":19,"column":0},"end":{"line":19,"column":null}},"9":{"start":{"line":5,"column":13},"end":{"line":5,"column":23}}},"fnMap":{"0":{"name":"(anonymous_13)","decl":{"start":{"line":5,"column":0},"end":{"line":5,"column":13}},"loc":{"start":{"line":5,"column":0},"end":{"line":19,"column":null}}},"1":{"name":"ListPhotos","decl":{"start":{"line":8,"column":2},"end":{"line":8,"column":14}},"loc":{"start":{"line":8,"column":49},"end":{"line":10,"column":3}}},"2":{"name":"(anonymous_15)","decl":{"start":{"line":11,"column":2},"end":{"line":11,"column":8}},"loc":{"start":{"line":11,"column":39},"end":{"line":18,"column":null}}}},"branchMap":{},"s":{"0":2,"1":2,"2":2,"3":2,"4":1,"5":1,"6":1,"7":0,"8":2,"9":2},"f":{"0":2,"1":2,"2":1},"b":{}}
,"D:\\projetos\\loja-nexjs-strapi\\backend\\src\\presentation\\Controllers\\Photo\\listPhotos\\protocols.ts": {"path":"D:\\projetos\\loja-nexjs-strapi\\backend\\src\\presentation\\Controllers\\Photo\\listPhotos\\protocols.ts","statementMap":{"0":{"start":{"line":2,"column":0},"end":{"line":2,"column":46}},"1":{"start":{"line":3,"column":0},"end":{"line":3,"column":40}},"2":{"start":{"line":4,"column":0},"end":{"line":4,"column":59}},"3":{"start":{"line":5,"column":0},"end":{"line":5,"column":47}},"4":{"start":{"line":6,"column":0},"end":{"line":6,"column":46}}},"fnMap":{},"branchMap":{},"s":{"0":2,"1":2,"2":2,"3":2,"4":2},"f":{},"b":{}}
,"D:\\projetos\\loja-nexjs-strapi\\backend\\src\\presentation\\Controllers\\Produto\\ListProduto\\listProduto.ts": {"path":"D:\\projetos\\loja-nexjs-strapi\\backend\\src\\presentation\\Controllers\\Produto\\ListProduto\\listProduto.ts","statementMap":{"0":{"start":{"line":1,"column":0},"end":{"line":1,"column":104}},"1":{"start":{"line":4,"column":0},"end":{"line":4,"column":13}},"2":{"start":{"line":8,"column":4},"end":{"line":8,"column":null}},"3":{"start":{"line":11,"column":8},"end":{"line":22,"column":null}},"4":{"start":{"line":13,"column":10},"end":{"line":13,"column":null}},"5":{"start":{"line":14,"column":6},"end":{"line":16,"column":null}},"6":{"start":{"line":15,"column":8},"end":{"line":15,"column":null}},"7":{"start":{"line":17,"column":23},"end":{"line":17,"column":null}},"8":{"start":{"line":17,"column":12},"end":{"line":17,"column":null}},"9":{"start":{"line":18,"column":6},"end":{"line":18,"column":null}},"10":{"start":{"line":20,"column":6},"end":{"line":20,"column":null}},"11":{"start":{"line":23,"column":0},"end":{"line":23,"column":null}},"12":{"start":{"line":4,"column":13},"end":{"line":4,"column":24}}},"fnMap":{"0":{"name":"(anonymous_13)","decl":{"start":{"line":4,"column":0},"end":{"line":4,"column":13}},"loc":{"start":{"line":4,"column":0},"end":{"line":23,"column":null}}},"1":{"name":"ListProduto","decl":{"start":{"line":7,"column":2},"end":{"line":7,"column":14}},"loc":{"start":{"line":7,"column":52},"end":{"line":9,"column":3}}},"2":{"name":"(anonymous_15)","decl":{"start":{"line":11,"column":2},"end":{"line":11,"column":8}},"loc":{"start":{"line":11,"column":39},"end":{"line":22,"column":null}}}},"branchMap":{"0":{"loc":{"start":{"line":14,"column":6},"end":{"line":16,"column":null}},"type":"if","locations":[{"start":{"line":14,"column":6},"end":{"line":16,"column":null}},{"start":{"line":14,"column":6},"end":{"line":16,"column":null}}]},"1":{"loc":{"start":{"line":14,"column":9},"end":{"line":14,"column":27}},"type":"binary-expr","locations":[{"start":{"line":14,"column":9},"end":{"line":14,"column":27}},{"start":{"line":14,"column":31},"end":{"line":14,"column":68}}]}},"s":{"0":2,"1":2,"2":2,"3":2,"4":2,"5":2,"6":2,"7":2,"8":1,"9":1,"10":1,"11":2,"12":2},"f":{"0":2,"1":2,"2":2},"b":{"0":[2,0],"1":[2,2]}}
,"D:\\projetos\\loja-nexjs-strapi\\backend\\src\\presentation\\Controllers\\Produto\\ListProduto\\protocols.ts": {"path":"D:\\projetos\\loja-nexjs-strapi\\backend\\src\\presentation\\Controllers\\Produto\\ListProduto\\protocols.ts","statementMap":{"0":{"start":{"line":1,"column":0},"end":{"line":1,"column":9}},"1":{"start":{"line":1,"column":9},"end":{"line":1,"column":13}},"2":{"start":{"line":1,"column":13},"end":{"line":1,"column":64}}},"fnMap":{"0":{"name":"(anonymous_0)","decl":{"start":{"line":1,"column":9},"end":{"line":1,"column":11}},"loc":{"start":{"line":1,"column":9},"end":{"line":1,"column":13}}},"1":{"name":"(anonymous_1)","decl":{"start":{"line":1,"column":13},"end":{"line":1,"column":24}},"loc":{"start":{"line":1,"column":13},"end":{"line":1,"column":64}}}},"branchMap":{},"s":{"0":2,"1":3,"2":3},"f":{"0":1,"1":1},"b":{}}
,"D:\\projetos\\loja-nexjs-strapi\\backend\\src\\presentation\\Controllers\\Produto\\ListProdutoCategoria\\listProdutoCategoria.ts": {"path":"D:\\projetos\\loja-nexjs-strapi\\backend\\src\\presentation\\Controllers\\Produto\\ListProdutoCategoria\\listProdutoCategoria.ts","statementMap":{"0":{"start":{"line":1,"column":0},"end":{"line":1,"column":118}},"1":{"start":{"line":3,"column":0},"end":{"line":3,"column":13}},"2":{"start":{"line":7,"column":4},"end":{"line":7,"column":null}},"3":{"start":{"line":10,"column":8},"end":{"line":26,"column":null}},"4":{"start":{"line":12,"column":10},"end":{"line":12,"column":null}},"5":{"start":{"line":13,"column":6},"end":{"line":15,"column":null}},"6":{"start":{"line":14,"column":8},"end":{"line":14,"column":null}},"7":{"start":{"line":16,"column":6},"end":{"line":18,"column":null}},"8":{"start":{"line":17,"column":8},"end":{"line":17,"column":null}},"9":{"start":{"line":19,"column":13},"end":{"line":19,"column":26}},"10":{"start":{"line":21,"column":23},"end":{"line":21,"column":null}},"11":{"start":{"line":21,"column":12},"end":{"line":21,"column":null}},"12":{"start":{"line":22,"column":6},"end":{"line":22,"column":null}},"13":{"start":{"line":24,"column":6},"end":{"line":24,"column":null}},"14":{"start":{"line":27,"column":0},"end":{"line":27,"column":null}},"15":{"start":{"line":3,"column":13},"end":{"line":3,"column":33}}},"fnMap":{"0":{"name":"(anonymous_13)","decl":{"start":{"line":3,"column":0},"end":{"line":3,"column":13}},"loc":{"start":{"line":3,"column":0},"end":{"line":27,"column":null}}},"1":{"name":"ListProdutoCategoria","decl":{"start":{"line":6,"column":2},"end":{"line":6,"column":14}},"loc":{"start":{"line":6,"column":64},"end":{"line":8,"column":3}}},"2":{"name":"(anonymous_15)","decl":{"start":{"line":10,"column":2},"end":{"line":10,"column":8}},"loc":{"start":{"line":10,"column":39},"end":{"line":26,"column":null}}}},"branchMap":{"0":{"loc":{"start":{"line":13,"column":6},"end":{"line":15,"column":null}},"type":"if","locations":[{"start":{"line":13,"column":6},"end":{"line":15,"column":null}},{"start":{"line":13,"column":6},"end":{"line":15,"column":null}}]},"1":{"loc":{"start":{"line":13,"column":9},"end":{"line":13,"column":27}},"type":"binary-expr","locations":[{"start":{"line":13,"column":9},"end":{"line":13,"column":27}},{"start":{"line":13,"column":31},"end":{"line":13,"column":68}}]},"2":{"loc":{"start":{"line":16,"column":6},"end":{"line":18,"column":null}},"type":"if","locations":[{"start":{"line":16,"column":6},"end":{"line":18,"column":null}},{"start":{"line":16,"column":6},"end":{"line":18,"column":null}}]}},"s":{"0":1,"1":1,"2":3,"3":1,"4":3,"5":3,"6":3,"7":3,"8":1,"9":2,"10":2,"11":1,"12":1,"13":1,"14":1,"15":1},"f":{"0":1,"1":3,"2":3},"b":{"0":[3,0],"1":[3,3],"2":[1,2]}}
,"D:\\projetos\\loja-nexjs-strapi\\backend\\src\\presentation\\Controllers\\Produto\\ListProdutoCategoria\\protocols.ts": {"path":"D:\\projetos\\loja-nexjs-strapi\\backend\\src\\presentation\\Controllers\\Produto\\ListProdutoCategoria\\protocols.ts","statementMap":{"0":{"start":{"line":1,"column":0},"end":{"line":1,"column":9}},"1":{"start":{"line":1,"column":9},"end":{"line":1,"column":21}},"2":{"start":{"line":1,"column":21},"end":{"line":1,"column":25}},"3":{"start":{"line":1,"column":25},"end":{"line":1,"column":76}}},"fnMap":{"0":{"name":"(anonymous_0)","decl":{"start":{"line":1,"column":9},"end":{"line":1,"column":19}},"loc":{"start":{"line":1,"column":9},"end":{"line":1,"column":21}}},"1":{"name":"(anonymous_1)","decl":{"start":{"line":1,"column":21},"end":{"line":1,"column":23}},"loc":{"start":{"line":1,"column":21},"end":{"line":1,"column":25}}},"2":{"name":"(anonymous_2)","decl":{"start":{"line":1,"column":25},"end":{"line":1,"column":36}},"loc":{"start":{"line":1,"column":25},"end":{"line":1,"column":76}}}},"branchMap":{},"s":{"0":1,"1":2,"2":2,"3":2},"f":{"0":1,"1":1,"2":1},"b":{}}
,"D:\\projetos\\loja-nexjs-strapi\\backend\\src\\presentation\\Controllers\\Produto\\addProduto\\addProduto.ts": {"path":"D:\\projetos\\loja-nexjs-strapi\\backend\\src\\presentation\\Controllers\\Produto\\addProduto\\addProduto.ts","statementMap":{"0":{"start":{"line":1,"column":0},"end":{"line":1,"column":144}},"1":{"start":{"line":4,"column":0},"end":{"line":4,"column":13}},"2":{"start":{"line":8,"column":4},"end":{"line":8,"column":null}},"3":{"start":{"line":11,"column":8},"end":{"line":39,"column":null}},"4":{"start":{"line":13,"column":12},"end":{"line":13,"column":null}},"5":{"start":{"line":15,"column":4},"end":{"line":19,"column":null}},"6":{"start":{"line":15,"column":15},"end":{"line":15,"column":24}},"7":{"start":{"line":16,"column":6},"end":{"line":18,"column":null}},"8":{"start":{"line":17,"column":8},"end":{"line":17,"column":null}},"9":{"start":{"line":21,"column":10},"end":{"line":21,"column":47}},"10":{"start":{"line":22,"column":10},"end":{"line":22,"column":null}},"11":{"start":{"line":23,"column":10},"end":{"line":23,"column":null}},"12":{"start":{"line":24,"column":10},"end":{"line":28,"column":null}},"13":{"start":{"line":25,"column":6},"end":{"line":27,"column":null}},"14":{"start":{"line":30,"column":31},"end":{"line":32,"column":null}},"15":{"start":{"line":30,"column":10},"end":{"line":32,"column":null}},"16":{"start":{"line":34,"column":4},"end":{"line":34,"column":null}},"17":{"start":{"line":36,"column":6},"end":{"line":36,"column":null}},"18":{"start":{"line":40,"column":0},"end":{"line":40,"column":null}},"19":{"start":{"line":4,"column":13},"end":{"line":4,"column":23}}},"fnMap":{"0":{"name":"(anonymous_13)","decl":{"start":{"line":4,"column":0},"end":{"line":4,"column":13}},"loc":{"start":{"line":4,"column":0},"end":{"line":40,"column":null}}},"1":{"name":"addProduto","decl":{"start":{"line":7,"column":2},"end":{"line":7,"column":14}},"loc":{"start":{"line":7,"column":46},"end":{"line":9,"column":3}}},"2":{"name":"(anonymous_15)","decl":{"start":{"line":11,"column":2},"end":{"line":11,"column":8}},"loc":{"start":{"line":11,"column":39},"end":{"line":39,"column":null}}},"3":{"name":"(anonymous_18)","decl":{"start":{"line":24,"column":60},"end":{"line":24,"column":62}},"loc":{"start":{"line":24,"column":62},"end":{"line":28,"column":5}}}},"branchMap":{"0":{"loc":{"start":{"line":16,"column":6},"end":{"line":18,"column":null}},"type":"if","locations":[{"start":{"line":16,"column":6},"end":{"line":18,"column":null}},{"start":{"line":16,"column":6},"end":{"line":18,"column":null}}]}},"s":{"0":2,"1":2,"2":8,"3":2,"4":7,"5":7,"6":27,"7":27,"8":6,"9":1,"10":1,"11":1,"12":1,"13":3,"14":1,"15":1,"16":1,"17":0,"18":2,"19":2},"f":{"0":2,"1":8,"2":7,"3":3},"b":{"0":[6,21]}}
,"D:\\projetos\\loja-nexjs-strapi\\backend\\src\\presentation\\Controllers\\Produto\\addProduto\\protocols.ts": {"path":"D:\\projetos\\loja-nexjs-strapi\\backend\\src\\presentation\\Controllers\\Produto\\addProduto\\protocols.ts","statementMap":{"0":{"start":{"line":3,"column":0},"end":{"line":3,"column":9}},"1":{"start":{"line":3,"column":9},"end":{"line":3,"column":21}},"2":{"start":{"line":3,"column":21},"end":{"line":3,"column":25}},"3":{"start":{"line":3,"column":25},"end":{"line":3,"column":76}}},"fnMap":{"0":{"name":"(anonymous_0)","decl":{"start":{"line":3,"column":9},"end":{"line":3,"column":19}},"loc":{"start":{"line":3,"column":9},"end":{"line":3,"column":21}}},"1":{"name":"(anonymous_1)","decl":{"start":{"line":3,"column":21},"end":{"line":3,"column":23}},"loc":{"start":{"line":3,"column":21},"end":{"line":3,"column":25}}},"2":{"name":"(anonymous_2)","decl":{"start":{"line":3,"column":25},"end":{"line":3,"column":36}},"loc":{"start":{"line":3,"column":25},"end":{"line":3,"column":76}}}},"branchMap":{},"s":{"0":2,"1":8,"2":3,"3":2},"f":{"0":6,"1":1,"2":0},"b":{}}
,"D:\\projetos\\loja-nexjs-strapi\\backend\\src\\presentation\\Controllers\\Produto\\getProduto\\getProduto.ts": {"path":"D:\\projetos\\loja-nexjs-strapi\\backend\\src\\presentation\\Controllers\\Produto\\getProduto\\getProduto.ts","statementMap":{"0":{"start":{"line":1,"column":0},"end":{"line":1,"column":107}},"1":{"start":{"line":3,"column":0},"end":{"line":3,"column":13}},"2":{"start":{"line":7,"column":4},"end":{"line":7,"column":null}},"3":{"start":{"line":10,"column":8},"end":{"line":24,"column":null}},"4":{"start":{"line":12,"column":6},"end":{"line":14,"column":null}},"5":{"start":{"line":13,"column":8},"end":{"line":13,"column":null}},"6":{"start":{"line":15,"column":6},"end":{"line":17,"column":null}},"7":{"start":{"line":16,"column":7},"end":{"line":16,"column":null}},"8":{"start":{"line":18,"column":12},"end":{"line":18,"column":null}},"9":{"start":{"line":19,"column":23},"end":{"line":19,"column":null}},"10":{"start":{"line":19,"column":12},"end":{"line":19,"column":null}},"11":{"start":{"line":20,"column":6},"end":{"line":20,"column":null}},"12":{"start":{"line":22,"column":6},"end":{"line":22,"column":null}},"13":{"start":{"line":25,"column":0},"end":{"line":25,"column":null}},"14":{"start":{"line":3,"column":13},"end":{"line":3,"column":35}}},"fnMap":{"0":{"name":"(anonymous_13)","decl":{"start":{"line":3,"column":0},"end":{"line":3,"column":13}},"loc":{"start":{"line":3,"column":0},"end":{"line":25,"column":null}}},"1":{"name":"getProdutoPresentation","decl":{"start":{"line":6,"column":2},"end":{"line":6,"column":15}},"loc":{"start":{"line":6,"column":44},"end":{"line":8,"column":3}}},"2":{"name":"(anonymous_15)","decl":{"start":{"line":10,"column":2},"end":{"line":10,"column":8}},"loc":{"start":{"line":10,"column":39},"end":{"line":24,"column":null}}}},"branchMap":{"0":{"loc":{"start":{"line":12,"column":6},"end":{"line":14,"column":null}},"type":"if","locations":[{"start":{"line":12,"column":6},"end":{"line":14,"column":null}},{"start":{"line":12,"column":6},"end":{"line":14,"column":null}}]},"1":{"loc":{"start":{"line":15,"column":6},"end":{"line":17,"column":null}},"type":"if","locations":[{"start":{"line":15,"column":6},"end":{"line":17,"column":null}},{"start":{"line":15,"column":6},"end":{"line":17,"column":null}}]}},"s":{"0":1,"1":1,"2":4,"3":1,"4":4,"5":1,"6":3,"7":1,"8":2,"9":2,"10":1,"11":1,"12":1,"13":1,"14":1},"f":{"0":1,"1":4,"2":4},"b":{"0":[1,3],"1":[1,2]}}
,"D:\\projetos\\loja-nexjs-strapi\\backend\\src\\presentation\\Controllers\\Produto\\getProduto\\protocols.ts": {"path":"D:\\projetos\\loja-nexjs-strapi\\backend\\src\\presentation\\Controllers\\Produto\\getProduto\\protocols.ts","statementMap":{"0":{"start":{"line":4,"column":0},"end":{"line":4,"column":9}},"1":{"start":{"line":4,"column":9},"end":{"line":4,"column":21}},"2":{"start":{"line":4,"column":21},"end":{"line":4,"column":25}},"3":{"start":{"line":4,"column":25},"end":{"line":4,"column":76}}},"fnMap":{"0":{"name":"(anonymous_0)","decl":{"start":{"line":4,"column":9},"end":{"line":4,"column":19}},"loc":{"start":{"line":4,"column":9},"end":{"line":4,"column":21}}},"1":{"name":"(anonymous_1)","decl":{"start":{"line":4,"column":21},"end":{"line":4,"column":23}},"loc":{"start":{"line":4,"column":21},"end":{"line":4,"column":25}}},"2":{"name":"(anonymous_2)","decl":{"start":{"line":4,"column":25},"end":{"line":4,"column":36}},"loc":{"start":{"line":4,"column":25},"end":{"line":4,"column":76}}}},"branchMap":{},"s":{"0":1,"1":3,"2":2,"3":2},"f":{"0":2,"1":1,"2":1},"b":{}}
,"D:\\projetos\\loja-nexjs-strapi\\backend\\src\\presentation\\helpers\\http-helpers.ts": {"path":"D:\\projetos\\loja-nexjs-strapi\\backend\\src\\presentation\\helpers\\http-helpers.ts","statementMap":{"0":{"start":{"line":3,"column":27},"end":{"line":11,"column":1}},"1":{"start":{"line":4,"column":33},"end":{"line":9,"column":null}},"2":{"start":{"line":10,"column":2},"end":{"line":10,"column":null}},"3":{"start":{"line":3,"column":13},"end":{"line":3,"column":27}},"4":{"start":{"line":13,"column":26},"end":{"line":21,"column":1}},"5":{"start":{"line":14,"column":33},"end":{"line":19,"column":null}},"6":{"start":{"line":20,"column":2},"end":{"line":20,"column":null}},"7":{"start":{"line":13,"column":13},"end":{"line":13,"column":26}},"8":{"start":{"line":24,"column":18},"end":{"line":31,"column":1}},"9":{"start":{"line":25,"column":33},"end":{"line":28,"column":null}},"10":{"start":{"line":30,"column":2},"end":{"line":30,"column":null}},"11":{"start":{"line":24,"column":13},"end":{"line":24,"column":18}}},"fnMap":{"0":{"name":"(anonymous_0)","decl":{"start":{"line":3,"column":27},"end":{"line":3,"column":28}},"loc":{"start":{"line":3,"column":40},"end":{"line":11,"column":1}}},"1":{"name":"(anonymous_1)","decl":{"start":{"line":13,"column":26},"end":{"line":13,"column":27}},"loc":{"start":{"line":13,"column":39},"end":{"line":21,"column":1}}},"2":{"name":"(anonymous_2)","decl":{"start":{"line":24,"column":18},"end":{"line":24,"column":19}},"loc":{"start":{"line":24,"column":28},"end":{"line":31,"column":1}}}},"branchMap":{},"s":{"0":12,"1":11,"2":11,"3":12,"4":12,"5":18,"6":18,"7":12,"8":12,"9":12,"10":12,"11":12},"f":{"0":11,"1":18,"2":12},"b":{}}
,"D:\\projetos\\loja-nexjs-strapi\\backend\\src\\util\\deleteFile.ts": {"path":"D:\\projetos\\loja-nexjs-strapi\\backend\\src\\util\\deleteFile.ts","statementMap":{"0":{"start":{"line":1,"column":0},"end":{"line":1,"column":20}},"1":{"start":{"line":3,"column":0},"end":{"line":3,"column":23}},"2":{"start":{"line":5,"column":0},"end":{"line":5,"column":13}},"3":{"start":{"line":6,"column":2},"end":{"line":13,"column":null}},"4":{"start":{"line":7,"column":4},"end":{"line":12,"column":null}},"5":{"start":{"line":8,"column":6},"end":{"line":8,"column":null}},"6":{"start":{"line":9,"column":6},"end":{"line":9,"column":null}},"7":{"start":{"line":11,"column":6},"end":{"line":11,"column":null}},"8":{"start":{"line":14,"column":0},"end":{"line":14,"column":null}},"9":{"start":{"line":5,"column":13},"end":{"line":5,"column":23}}},"fnMap":{"0":{"name":"(anonymous_1)","decl":{"start":{"line":5,"column":0},"end":{"line":5,"column":13}},"loc":{"start":{"line":5,"column":0},"end":{"line":14,"column":null}}},"1":{"name":"(anonymous_3)","decl":{"start":{"line":6,"column":2},"end":{"line":6,"column":8}},"loc":{"start":{"line":6,"column":25},"end":{"line":13,"column":3}}}},"branchMap":{},"s":{"0":0,"1":0,"2":0,"3":0,"4":0,"5":0,"6":0,"7":0,"8":0,"9":0},"f":{"0":0,"1":0},"b":{}}
}
