TN:
SF:src\data\useCases\Categoria\ListCategoria.ts
FN:6,(anonymous_13)
FN:9,dbListCategoria
FN:13,(anonymous_15)
FNF:3
FNH:1
FNDA:1,(anonymous_13)
FNDA:0,dbListCategoria
FNDA:0,(anonymous_15)
DA:6,1
DA:10,0
DA:13,1
DA:14,0
DA:16,1
LF:5
LH:3
BRF:0
BRH:0
end_of_record
TN:
SF:src\data\useCases\Categoria\addCategoria.ts
FN:6,(anonymous_13)
FN:9,dbAddCategoria
FN:13,(anonymous_15)
FNF:3
FNH:1
FNDA:1,(anonymous_13)
FNDA:0,dbAddCategoria
FNDA:0,(anonymous_15)
DA:6,1
DA:10,0
DA:13,1
DA:14,0
DA:15,0
DA:17,1
LF:6
LH:3
BRDA:14,0,0,0
BRF:1
BRH:0
end_of_record
TN:
SF:src\data\useCases\Categoria\deleteCategoria.ts
FN:3,(anonymous_13)
FN:6,dbDeleteCategoria
FN:10,(anonymous_15)
FNF:3
FNH:1
FNDA:1,(anonymous_13)
FNDA:0,dbDeleteCategoria
FNDA:0,(anonymous_15)
DA:3,1
DA:7,0
DA:10,1
DA:11,0
DA:13,1
LF:5
LH:3
BRF:0
BRH:0
end_of_record
TN:
SF:src\data\useCases\Categoria\updateCategoria.ts
FN:6,(anonymous_13)
FN:9,dbUpdateCategoria
FN:13,(anonymous_15)
FNF:3
FNH:1
FNDA:1,(anonymous_13)
FNDA:0,dbUpdateCategoria
FNDA:0,(anonymous_15)
DA:6,1
DA:10,0
DA:13,1
DA:14,0
DA:16,1
LF:5
LH:3
BRDA:14,0,0,0
BRDA:14,0,1,0
BRF:2
BRH:0
end_of_record
TN:
SF:src\data\useCases\Photo\addphoto.ts
FN:5,(anonymous_13)
FN:8,dbAddPhoto
FN:12,(anonymous_15)
FNF:3
FNH:1
FNDA:1,(anonymous_13)
FNDA:0,dbAddPhoto
FNDA:0,(anonymous_15)
DA:5,1
DA:9,0
DA:12,1
DA:13,0
DA:14,0
DA:17,1
LF:6
LH:3
BRDA:13,0,0,0
BRF:1
BRH:0
end_of_record
TN:
SF:src\data\useCases\Photo\deletePhoto.ts
FN:4,(anonymous_13)
FN:7,dbdeletePhoto
FN:11,(anonymous_15)
FNF:3
FNH:1
FNDA:1,(anonymous_13)
FNDA:0,dbdeletePhoto
FNDA:0,(anonymous_15)
DA:4,1
DA:8,0
DA:11,1
DA:12,0
DA:14,1
LF:5
LH:3
BRDA:12,0,0,0
BRDA:12,0,1,0
BRF:2
BRH:0
end_of_record
TN:
SF:src\data\useCases\Photo\getPhoto.ts
FN:6,(anonymous_13)
FN:9,dbgetPhoto
FN:13,(anonymous_15)
FNF:3
FNH:3
FNDA:1,(anonymous_13)
FNDA:4,dbgetPhoto
FNDA:2,(anonymous_15)
DA:6,1
DA:10,4
DA:13,1
DA:14,2
DA:16,1
LF:5
LH:5
BRDA:14,0,0,2
BRDA:14,0,1,2
BRF:2
BRH:2
end_of_record
TN:
SF:src\data\useCases\Photo\listPhoto.ts
FN:5,(anonymous_13)
FN:7,dbListPhoto
FN:11,(anonymous_15)
FNF:3
FNH:1
FNDA:1,(anonymous_13)
FNDA:0,dbListPhoto
FNDA:0,(anonymous_15)
DA:5,1
DA:8,0
DA:11,1
DA:12,0
DA:14,1
LF:5
LH:3
BRDA:12,0,0,0
BRDA:12,0,1,0
BRF:2
BRH:0
end_of_record
TN:
SF:src\data\useCases\Produto\addProduto.ts
FN:6,(anonymous_13)
FN:9,dbAddProduto
FN:13,(anonymous_15)
FNF:3
FNH:1
FNDA:1,(anonymous_13)
FNDA:0,dbAddProduto
FNDA:0,(anonymous_15)
DA:6,1
DA:10,0
DA:13,1
DA:14,0
DA:16,1
LF:5
LH:3
BRDA:14,0,0,0
BRDA:14,0,1,0
BRF:2
BRH:0
end_of_record
TN:
SF:src\data\useCases\Produto\getProduto.ts
FN:5,(anonymous_13)
FN:8,dbGetProduto
FN:11,(anonymous_15)
FNF:3
FNH:0
FNDA:0,(anonymous_13)
FNDA:0,dbGetProduto
FNDA:0,(anonymous_15)
DA:5,0
DA:9,0
DA:11,0
DA:12,0
DA:14,0
LF:5
LH:0
BRF:0
BRH:0
end_of_record
TN:
SF:src\data\useCases\Produto\listProduto.ts
FN:5,(anonymous_13)
FN:8,dblistProduto
FN:11,(anonymous_15)
FNF:3
FNH:1
FNDA:1,(anonymous_13)
FNDA:0,dblistProduto
FNDA:0,(anonymous_15)
DA:5,1
DA:9,0
DA:11,1
DA:12,0
DA:14,1
LF:5
LH:3
BRF:0
BRH:0
end_of_record
TN:
SF:src\data\useCases\Produto\listProdutoCategoria.ts
FN:6,(anonymous_13)
FN:9,dbListProdutoCategoria
FN:13,(anonymous_15)
FNF:3
FNH:0
FNDA:0,(anonymous_13)
FNDA:0,dbListProdutoCategoria
FNDA:0,(anonymous_15)
DA:6,0
DA:10,0
DA:13,0
DA:14,0
DA:16,0
LF:5
LH:0
BRF:0
BRH:0
end_of_record
TN:
SF:src\infra\db\postgres\CategoriaRepository\addCategoriaRepository.ts
FN:5,(anonymous_13)
FN:7,(anonymous_15)
FNF:2
FNH:1
FNDA:1,(anonymous_13)
FNDA:0,(anonymous_15)
DA:1,1
DA:3,1
DA:5,1
DA:7,1
DA:9,0
DA:23,0
DA:30,0
DA:36,0
DA:39,0
DA:43,1
LF:10
LH:5
BRDA:24,0,0,0
BRDA:24,0,1,0
BRDA:24,1,0,0
BRDA:24,1,1,0
BRDA:25,2,0,0
BRDA:25,2,1,0
BRDA:25,3,0,0
BRDA:25,3,1,0
BRF:8
BRH:0
end_of_record
TN:
SF:src\infra\db\postgres\CategoriaRepository\deleteCategoriaRepository.ts
FN:6,(anonymous_13)
FN:7,(anonymous_15)
FNF:2
FNH:1
FNDA:1,(anonymous_13)
FNDA:0,(anonymous_15)
DA:2,1
DA:4,1
DA:6,1
DA:7,1
DA:9,0
DA:14,0
DA:15,0
DA:17,0
DA:22,0
DA:25,0
DA:29,1
LF:11
LH:5
BRDA:14,0,0,0
BRDA:14,0,1,0
BRDA:22,1,0,0
BRDA:22,1,1,0
BRF:4
BRH:0
end_of_record
TN:
SF:src\infra\db\postgres\CategoriaRepository\listCategoriaRepository.ts
FN:5,(anonymous_13)
FN:7,(anonymous_15)
FN:13,(anonymous_18)
FNF:3
FNH:1
FNDA:1,(anonymous_13)
FNDA:0,(anonymous_15)
FNDA:0,(anonymous_18)
DA:1,1
DA:3,1
DA:5,1
DA:7,1
DA:8,0
DA:13,0
DA:14,0
DA:15,0
DA:20,0
DA:24,0
DA:26,1
LF:11
LH:5
BRDA:8,0,0,0
BRDA:16,1,0,0
BRDA:16,1,1,0
BRDA:16,2,0,0
BRDA:16,2,1,0
BRDA:17,3,0,0
BRDA:17,3,1,0
BRDA:17,4,0,0
BRDA:17,4,1,0
BRF:9
BRH:0
end_of_record
TN:
SF:src\infra\db\postgres\CategoriaRepository\protocols.ts
FN:1,(anonymous_4)
FNF:1
FNH:1
FNDA:4,(anonymous_4)
DA:1,5
DA:2,1
DA:5,1
DA:6,1
DA:9,1
DA:12,1
DA:15,1
LF:7
LH:7
BRF:0
BRH:0
end_of_record
TN:
SF:src\infra\db\postgres\CategoriaRepository\updateCategoriaRepository.ts
FN:5,(anonymous_13)
FN:7,(anonymous_15)
FNF:2
FNH:1
FNDA:1,(anonymous_13)
FNDA:0,(anonymous_15)
DA:1,1
DA:3,1
DA:5,1
DA:7,1
DA:9,0
DA:15,0
DA:16,0
DA:19,0
DA:33,0
DA:41,0
DA:44,0
DA:48,1
LF:12
LH:5
BRDA:15,0,0,0
BRDA:15,0,1,0
BRDA:37,1,0,0
BRDA:37,1,1,0
BRDA:37,2,0,0
BRDA:37,2,1,0
BRDA:38,3,0,0
BRDA:38,3,1,0
BRDA:38,4,0,0
BRDA:38,4,1,0
BRF:10
BRH:0
end_of_record
TN:
SF:src\infra\db\postgres\PhotoRepository\addPhotoRepository.ts
FN:5,(anonymous_13)
FN:6,(anonymous_15)
FNF:2
FNH:1
FNDA:1,(anonymous_13)
FNDA:0,(anonymous_15)
DA:1,1
DA:3,1
DA:5,1
DA:6,1
DA:8,0
DA:11,0
DA:15,0
DA:17,1
LF:8
LH:5
BRDA:8,0,0,0
BRF:1
BRH:0
end_of_record
TN:
SF:src\infra\db\postgres\PhotoRepository\deletePhotoRepository.ts
FN:5,(anonymous_13)
FN:6,(anonymous_15)
FNF:2
FNH:1
FNDA:1,(anonymous_13)
FNDA:0,(anonymous_15)
DA:1,1
DA:3,1
DA:5,1
DA:6,1
DA:8,0
DA:14,0
DA:15,0
DA:17,0
DA:23,0
DA:25,0
DA:28,1
LF:11
LH:5
BRDA:14,0,0,0
BRDA:14,0,1,0
BRDA:23,1,0,0
BRDA:23,1,1,0
BRF:4
BRH:0
end_of_record
TN:
SF:src\infra\db\postgres\PhotoRepository\getPhotoRepository.ts
FN:5,(anonymous_13)
FN:6,(anonymous_15)
FNF:2
FNH:1
FNDA:1,(anonymous_13)
FNDA:0,(anonymous_15)
DA:1,1
DA:3,1
DA:5,1
DA:6,1
DA:9,0
DA:14,0
DA:15,0
DA:17,0
DA:21,0
DA:23,0
DA:26,1
LF:11
LH:5
BRDA:14,0,0,0
BRDA:14,0,1,0
BRDA:18,1,0,0
BRDA:18,1,1,0
BRDA:18,2,0,0
BRDA:18,2,1,0
BRDA:19,3,0,0
BRDA:19,3,1,0
BRDA:19,4,0,0
BRDA:19,4,1,0
BRF:10
BRH:0
end_of_record
TN:
SF:src\infra\db\postgres\PhotoRepository\listPhotoRepository.ts
FN:5,(anonymous_13)
FN:6,(anonymous_15)
FNF:2
FNH:1
FNDA:1,(anonymous_13)
FNDA:0,(anonymous_15)
DA:1,1
DA:3,1
DA:5,1
DA:6,1
DA:7,0
DA:8,0
DA:9,0
DA:11,0
DA:14,1
LF:9
LH:5
BRF:0
BRH:0
end_of_record
TN:
SF:src\infra\db\postgres\PhotoRepository\protocols.ts
FN:2,(anonymous_0)
FNF:1
FNH:1
FNDA:4,(anonymous_0)
DA:2,5
LF:1
LH:1
BRF:0
BRH:0
end_of_record
TN:
SF:src\infra\db\postgres\ProdutoRepository\addProdutoRepository.ts
FN:5,(anonymous_13)
FN:6,(anonymous_15)
FN:46,(anonymous_18)
FNF:3
FNH:1
FNDA:1,(anonymous_13)
FNDA:0,(anonymous_15)
FNDA:0,(anonymous_18)
DA:1,1
DA:3,1
DA:5,1
DA:6,1
DA:8,0
DA:32,0
DA:47,0
DA:53,0
DA:55,0
DA:58,1
LF:10
LH:5
BRDA:42,0,0,0
BRDA:42,0,1,0
BRDA:42,1,0,0
BRDA:42,1,1,0
BRDA:43,2,0,0
BRDA:43,2,1,0
BRDA:43,3,0,0
BRDA:43,3,1,0
BRF:8
BRH:0
end_of_record
TN:
SF:src\infra\db\postgres\ProdutoRepository\getProdutoRepository.ts
FN:5,(anonymous_13)
FN:6,(anonymous_15)
FN:28,(anonymous_18)
FNF:3
FNH:0
FNDA:0,(anonymous_13)
FNDA:0,(anonymous_15)
FNDA:0,(anonymous_18)
DA:1,0
DA:3,0
DA:5,0
DA:6,0
DA:8,0
DA:21,0
DA:22,0
DA:29,0
DA:43,0
DA:45,0
DA:49,0
DA:52,0
LF:12
LH:0
BRDA:21,0,0,0
BRDA:21,0,1,0
BRDA:23,1,0,0
BRDA:23,1,1,0
BRDA:23,2,0,0
BRDA:23,2,1,0
BRDA:24,3,0,0
BRDA:24,3,1,0
BRDA:24,4,0,0
BRDA:24,4,1,0
BRDA:25,5,0,0
BRDA:25,5,1,0
BRDA:25,6,0,0
BRDA:25,6,1,0
BRDA:28,7,0,0
BRDA:28,7,1,0
BRDA:28,8,0,0
BRDA:28,8,1,0
BRDA:35,9,0,0
BRDA:35,9,1,0
BRDA:35,10,0,0
BRDA:35,10,1,0
BRDA:36,11,0,0
BRDA:36,11,1,0
BRDA:36,12,0,0
BRDA:36,12,1,0
BRDA:38,13,0,0
BRDA:38,13,1,0
BRDA:38,14,0,0
BRDA:38,14,1,0
BRDA:38,15,0,0
BRDA:38,15,1,0
BRDA:38,16,0,0
BRDA:38,16,1,0
BRDA:39,17,0,0
BRDA:39,17,1,0
BRDA:39,18,0,0
BRDA:39,18,1,0
BRDA:39,19,0,0
BRDA:39,19,1,0
BRDA:39,20,0,0
BRDA:39,20,1,0
BRF:42
BRH:0
end_of_record
TN:
SF:src\infra\db\postgres\ProdutoRepository\listProdutoCategoriaRepository.ts
FN:5,(anonymous_13)
FN:6,(anonymous_15)
FN:25,(anonymous_18)
FN:40,(anonymous_19)
FNF:4
FNH:0
FNDA:0,(anonymous_13)
FNDA:0,(anonymous_15)
FNDA:0,(anonymous_18)
FNDA:0,(anonymous_19)
DA:1,0
DA:3,0
DA:5,0
DA:6,0
DA:8,0
DA:9,0
DA:10,0
DA:25,0
DA:26,0
DA:41,0
DA:48,0
DA:50,0
DA:53,0
LF:13
LH:0
BRDA:36,0,0,0
BRDA:36,0,1,0
BRDA:36,1,0,0
BRDA:36,1,1,0
BRDA:37,2,0,0
BRDA:37,2,1,0
BRDA:37,3,0,0
BRDA:37,3,1,0
BRF:8
BRH:0
end_of_record
TN:
SF:src\infra\db\postgres\ProdutoRepository\listProdutoRepository.ts
FN:5,(anonymous_13)
FN:6,(anonymous_15)
FN:22,(anonymous_18)
FN:37,(anonymous_19)
FNF:4
FNH:1
FNDA:1,(anonymous_13)
FNDA:0,(anonymous_15)
FNDA:0,(anonymous_18)
FNDA:0,(anonymous_19)
DA:1,1
DA:3,1
DA:5,1
DA:6,1
DA:7,0
DA:9,0
DA:10,0
DA:22,0
DA:23,0
DA:38,0
DA:45,0
DA:47,0
DA:50,1
LF:13
LH:5
BRDA:33,0,0,0
BRDA:33,0,1,0
BRDA:33,1,0,0
BRDA:33,1,1,0
BRDA:34,2,0,0
BRDA:34,2,1,0
BRDA:34,3,0,0
BRDA:34,3,1,0
BRF:8
BRH:0
end_of_record
TN:
SF:src\infra\db\postgres\ProdutoRepository\protocols.ts
FN:1,(anonymous_0)
FNF:1
FNH:1
FNDA:2,(anonymous_0)
DA:1,3
LF:1
LH:1
BRF:0
BRH:0
end_of_record
TN:
SF:src\main\app.ts
FN:6,(anonymous_1)
FN:8,server
FN:14,(anonymous_3)
FN:18,(anonymous_4)
FNF:4
FNH:0
FNDA:0,(anonymous_1)
FNDA:0,server
FNDA:0,(anonymous_3)
FNDA:0,(anonymous_4)
DA:1,0
DA:2,0
DA:3,0
DA:4,0
DA:6,0
DA:9,0
DA:10,0
DA:11,0
DA:14,0
DA:15,0
DA:18,0
DA:19,0
DA:20,0
DA:21,0
DA:23,0
DA:25,0
LF:16
LH:0
BRF:0
BRH:0
end_of_record
TN:
SF:src\main\server.ts
FN:3,(anonymous_1)
FNF:1
FNH:0
FNDA:0,(anonymous_1)
DA:1,0
DA:3,0
LF:2
LH:0
BRF:0
BRH:0
end_of_record
TN:
SF:src\main\adapters\expresse-route-adapter.ts
FN:5,(anonymous_13)
FN:6,(anonymous_14)
FN:6,(anonymous_15)
FNF:3
FNH:0
FNDA:0,(anonymous_13)
FNDA:0,(anonymous_14)
FNDA:0,(anonymous_15)
DA:5,0
DA:6,0
DA:7,0
DA:12,0
DA:13,0
LF:5
LH:0
BRF:0
BRH:0
end_of_record
TN:
SF:src\main\config\s3.ts
FNF:0
FNH:0
DA:1,0
DA:3,0
LF:2
LH:0
BRF:0
BRH:0
end_of_record
TN:
SF:src\main\factories\protocols.ts
FNF:0
FNH:0
DA:1,1
DA:2,1
DA:3,1
DA:4,1
DA:5,1
DA:6,1
DA:7,1
DA:8,1
DA:9,1
DA:10,1
DA:11,1
DA:13,1
DA:14,1
DA:15,1
DA:16,1
DA:17,1
DA:18,1
DA:19,1
DA:20,1
DA:21,1
DA:22,1
DA:23,1
DA:26,1
DA:27,1
DA:28,1
DA:29,1
DA:30,1
DA:31,1
DA:32,1
DA:33,1
DA:34,1
DA:35,1
DA:36,1
LF:33
LH:33
BRF:0
BRH:0
end_of_record
TN:
SF:src\main\factories\Categoria\addCategoriaFactory.ts
FN:6,(anonymous_0)
FNF:1
FNH:0
FNDA:0,(anonymous_0)
DA:1,0
DA:6,0
DA:8,0
DA:9,0
DA:10,0
DA:11,0
LF:6
LH:0
BRF:0
BRH:0
end_of_record
TN:
SF:src\main\factories\Categoria\deleteCategoriaFactory.ts
FN:3,(anonymous_0)
FNF:1
FNH:0
FNDA:0,(anonymous_0)
DA:1,0
DA:3,0
DA:4,0
DA:5,0
DA:6,0
DA:8,0
LF:6
LH:0
BRF:0
BRH:0
end_of_record
TN:
SF:src\main\factories\Categoria\listCategoriaFactory.ts
FN:3,(anonymous_0)
FNF:1
FNH:0
FNDA:0,(anonymous_0)
DA:1,0
DA:3,0
DA:4,0
DA:5,0
DA:6,0
DA:7,0
LF:6
LH:0
BRF:0
BRH:0
end_of_record
TN:
SF:src\main\factories\Categoria\updateCategoriaFactory.ts
FN:3,(anonymous_0)
FNF:1
FNH:0
FNDA:0,(anonymous_0)
DA:1,0
DA:3,0
DA:4,0
DA:5,0
DA:6,0
DA:7,0
LF:6
LH:0
BRF:0
BRH:0
end_of_record
TN:
SF:src\main\factories\Photo\addPhotoFactory.ts
FN:4,(anonymous_0)
FNF:1
FNH:0
FNDA:0,(anonymous_0)
DA:1,0
DA:4,0
DA:5,0
DA:6,0
DA:7,0
DA:8,0
LF:6
LH:0
BRF:0
BRH:0
end_of_record
TN:
SF:src\main\factories\Photo\deletePhotoFactory.ts
FN:5,(anonymous_0)
FNF:1
FNH:0
FNDA:0,(anonymous_0)
DA:1,0
DA:2,0
DA:3,0
DA:5,0
DA:6,0
DA:7,0
DA:8,0
DA:9,0
DA:10,0
DA:11,0
DA:13,0
LF:11
LH:0
BRF:0
BRH:0
end_of_record
TN:
SF:src\main\factories\Photo\getPhotoFactory.ts
FN:3,(anonymous_0)
FNF:1
FNH:0
FNDA:0,(anonymous_0)
DA:1,0
DA:3,0
DA:4,0
DA:5,0
DA:6,0
DA:8,0
LF:6
LH:0
BRF:0
BRH:0
end_of_record
TN:
SF:src\main\factories\Photo\listPhotoFactory.ts
FN:3,(anonymous_0)
FNF:1
FNH:0
FNDA:0,(anonymous_0)
DA:1,0
DA:3,0
DA:4,0
DA:5,0
DA:6,0
DA:8,0
LF:6
LH:0
BRF:0
BRH:0
end_of_record
TN:
SF:src\main\factories\Produto\addProdutoFactory.ts
FN:3,(anonymous_0)
FNF:1
FNH:0
FNDA:0,(anonymous_0)
DA:1,0
DA:3,0
DA:4,0
DA:5,0
DA:6,0
DA:8,0
LF:6
LH:0
BRF:0
BRH:0
end_of_record
TN:
SF:src\main\factories\Produto\getProdutoFactory.ts
FN:5,(anonymous_0)
FNF:1
FNH:0
FNDA:0,(anonymous_0)
DA:1,0
DA:2,0
DA:3,0
DA:5,0
DA:6,0
DA:7,0
DA:8,0
DA:9,0
LF:8
LH:0
BRF:0
BRH:0
end_of_record
TN:
SF:src\main\factories\Produto\listProdutoCategoriaFactory.ts
FN:6,(anonymous_0)
FNF:1
FNH:0
FNDA:0,(anonymous_0)
DA:1,0
DA:2,0
DA:3,0
DA:6,0
DA:7,0
DA:8,0
DA:9,0
DA:10,0
LF:8
LH:0
BRF:0
BRH:0
end_of_record
TN:
SF:src\main\factories\Produto\listProdutoFactory.ts
FN:5,(anonymous_0)
FNF:1
FNH:0
FNDA:0,(anonymous_0)
DA:1,0
DA:2,0
DA:3,0
DA:5,0
DA:6,0
DA:7,0
DA:8,0
DA:9,0
LF:8
LH:0
BRF:0
BRH:0
end_of_record
TN:
SF:src\main\midwares\multer.ts
FN:15,(anonymous_1)
FN:19,(anonymous_2)
FN:20,(anonymous_3)
FN:33,(anonymous_4)
FN:34,(anonymous_5)
FN:49,(anonymous_6)
FNF:6
FNH:0
FNDA:0,(anonymous_1)
FNDA:0,(anonymous_2)
FNDA:0,(anonymous_3)
FNDA:0,(anonymous_4)
FNDA:0,(anonymous_5)
FNDA:0,(anonymous_6)
DA:1,0
DA:2,0
DA:3,0
DA:4,0
DA:5,0
DA:6,0
DA:7,0
DA:10,0
DA:13,0
DA:17,0
DA:20,0
DA:21,0
DA:22,0
DA:23,0
DA:24,0
DA:34,0
DA:35,0
DA:36,0
DA:37,0
DA:43,0
DA:50,0
DA:57,0
DA:58,0
DA:60,0
LF:24
LH:0
BRDA:21,0,0,0
BRDA:21,0,1,0
BRDA:35,1,0,0
BRDA:35,1,1,0
BRDA:57,2,0,0
BRDA:57,2,1,0
BRF:6
BRH:0
end_of_record
TN:
SF:src\main\routes\factoryProdutocols.ts
FN:1,(anonymous_0)
FN:2,(anonymous_1)
FN:3,(anonymous_2)
FN:4,(anonymous_3)
FN:5,(anonymous_4)
FN:6,(anonymous_5)
FN:7,(anonymous_6)
FN:8,(anonymous_7)
FN:9,(anonymous_8)
FN:10,(anonymous_9)
FN:11,(anonymous_10)
FN:12,(anonymous_11)
FNF:12
FNH:0
FNDA:0,(anonymous_0)
FNDA:0,(anonymous_1)
FNDA:0,(anonymous_2)
FNDA:0,(anonymous_3)
FNDA:0,(anonymous_4)
FNDA:0,(anonymous_5)
FNDA:0,(anonymous_6)
FNDA:0,(anonymous_7)
FNDA:0,(anonymous_8)
FNDA:0,(anonymous_9)
FNDA:0,(anonymous_10)
FNDA:0,(anonymous_11)
DA:1,0
DA:2,0
DA:3,0
DA:4,0
DA:5,0
DA:6,0
DA:7,0
DA:8,0
DA:9,0
DA:10,0
DA:11,0
DA:12,0
LF:12
LH:0
BRF:0
BRH:0
end_of_record
TN:
SF:src\main\routes\Categoria\CategoriaRoutes.ts
FNF:0
FNH:0
DA:1,0
DA:2,0
DA:3,0
DA:5,0
DA:7,0
DA:8,0
DA:9,0
DA:10,0
DA:12,0
LF:9
LH:0
BRF:0
BRH:0
end_of_record
TN:
SF:src\main\routes\Photo\PhotoRoutes.ts
FNF:0
FNH:0
DA:1,0
DA:2,0
DA:3,0
DA:5,0
DA:6,0
DA:9,0
DA:12,0
DA:13,0
DA:14,0
DA:15,0
DA:17,0
LF:11
LH:0
BRF:0
BRH:0
end_of_record
TN:
SF:src\main\routes\Produto\ProdutoRoutes.ts
FNF:0
FNH:0
DA:1,0
DA:2,0
DA:3,0
DA:7,0
DA:9,0
DA:10,0
DA:11,0
DA:12,0
DA:14,0
LF:9
LH:0
BRF:0
BRH:0
end_of_record
TN:
SF:src\presentation\Controllers\Categoria\ListCategoria\listCategorias.ts
FN:4,(anonymous_13)
FN:7,ListCategoria
FN:11,(anonymous_15)
FNF:3
FNH:3
FNDA:2,(anonymous_13)
FNDA:2,ListCategoria
FNDA:1,(anonymous_15)
DA:1,2
DA:2,2
DA:4,2
DA:8,2
DA:11,2
DA:13,1
DA:14,1
DA:16,0
DA:20,2
LF:9
LH:8
BRF:0
BRH:0
end_of_record
TN:
SF:src\presentation\Controllers\Categoria\ListCategoria\protocols.ts
FNF:0
FNH:0
DA:1,2
DA:2,2
DA:3,2
DA:4,2
LF:4
LH:4
BRF:0
BRH:0
end_of_record
TN:
SF:src\presentation\Controllers\Categoria\addCategoria\addCategoria.ts
FN:4,(anonymous_13)
FN:7,addCategoria
FN:11,(anonymous_15)
FNF:3
FNH:3
FNDA:2,(anonymous_13)
FNDA:3,addCategoria
FNDA:3,(anonymous_15)
DA:1,2
DA:4,2
DA:8,3
DA:11,2
DA:13,3
DA:15,5
DA:16,5
DA:17,2
DA:21,1
DA:22,1
DA:26,1
DA:28,0
DA:32,2
LF:13
LH:12
BRDA:16,0,0,2
BRDA:16,0,1,3
BRF:2
BRH:2
end_of_record
TN:
SF:src\presentation\Controllers\Categoria\addCategoria\protocols.ts
FNF:0
FNH:0
DA:1,5
DA:2,5
DA:3,5
DA:4,5
LF:4
LH:4
BRF:0
BRH:0
end_of_record
TN:
SF:src\presentation\Controllers\Categoria\deleteCategoria\deleteCategoria.ts
FN:3,(anonymous_13)
FN:6,deleteCategoria
FN:9,(anonymous_15)
FNF:3
FNH:3
FNDA:2,(anonymous_13)
FNDA:3,deleteCategoria
FNDA:2,(anonymous_15)
DA:1,2
DA:3,2
DA:7,3
DA:9,2
DA:11,2
DA:12,1
DA:14,1
DA:15,1
DA:16,1
DA:18,0
DA:21,2
LF:11
LH:10
BRDA:11,0,0,1
BRDA:11,0,1,1
BRF:2
BRH:2
end_of_record
TN:
SF:src\presentation\Controllers\Categoria\deleteCategoria\protocols.ts
FN:2,(anonymous_0)
FN:2,(anonymous_1)
FN:2,(anonymous_2)
FNF:3
FNH:2
FNDA:1,(anonymous_0)
FNDA:1,(anonymous_1)
FNDA:0,(anonymous_2)
DA:2,3
LF:1
LH:1
BRF:0
BRH:0
end_of_record
TN:
SF:src\presentation\Controllers\Categoria\updateCategoria\protocols.ts
FN:2,(anonymous_0)
FN:2,(anonymous_1)
FN:2,(anonymous_2)
FNF:3
FNH:2
FNDA:2,(anonymous_0)
FNDA:1,(anonymous_1)
FNDA:0,(anonymous_2)
DA:2,4
LF:1
LH:1
BRF:0
BRH:0
end_of_record
TN:
SF:src\presentation\Controllers\Categoria\updateCategoria\updateCategoria.ts
FN:4,(anonymous_13)
FN:7,updateCategoria
FN:11,(anonymous_15)
FNF:3
FNH:3
FNDA:2,(anonymous_13)
FNDA:4,updateCategoria
FNDA:3,(anonymous_15)
DA:1,2
DA:4,2
DA:8,4
DA:11,2
DA:13,3
DA:14,5
DA:15,5
DA:16,2
DA:20,1
DA:21,0
DA:24,1
DA:25,1
DA:27,1
DA:28,1
DA:30,0
DA:33,2
LF:16
LH:14
BRDA:15,0,0,2
BRDA:15,0,1,3
BRDA:20,1,0,0
BRDA:20,1,1,1
BRF:4
BRH:3
end_of_record
TN:
SF:src\presentation\Controllers\Photo\addPhoto\addPhoto.ts
FN:3,(anonymous_13)
FN:6,addPhoto
FN:10,(anonymous_15)
FNF:3
FNH:3
FNDA:2,(anonymous_13)
FNDA:3,addPhoto
FNDA:3,(anonymous_15)
DA:1,2
DA:3,2
DA:7,3
DA:10,2
DA:13,3
DA:14,1
DA:16,2
DA:17,2
DA:18,2
DA:19,1
DA:25,1
DA:26,1
DA:29,1
DA:31,0
DA:35,2
LF:15
LH:14
BRDA:13,0,0,1
BRDA:13,0,1,2
BRDA:18,1,0,1
BRDA:18,1,1,1
BRF:4
BRH:4
end_of_record
TN:
SF:src\presentation\Controllers\Photo\addPhoto\protocols.ts
FNF:0
FNH:0
DA:1,4
DA:2,4
DA:3,4
DA:4,4
DA:5,4
LF:5
LH:5
BRF:0
BRH:0
end_of_record
TN:
SF:src\presentation\Controllers\Photo\deletePhoto\deletePhoto.ts
FN:4,(anonymous_13)
FN:9,deletePhoto
FN:15,(anonymous_15)
FNF:3
FNH:3
FNDA:1,(anonymous_13)
FNDA:4,deletePhoto
FNDA:3,(anonymous_15)
DA:2,1
DA:4,1
DA:10,4
DA:11,4
DA:12,4
DA:15,1
DA:17,3
DA:19,3
DA:20,3
DA:21,1
DA:24,2
DA:25,2
DA:26,2
DA:27,2
DA:28,2
DA:29,1
DA:34,1
DA:35,1
DA:37,0
DA:41,1
LF:20
LH:19
BRDA:20,0,0,1
BRDA:20,0,1,2
BRDA:26,1,0,2
BRDA:26,1,1,0
BRDA:28,2,0,1
BRDA:28,2,1,1
BRF:6
BRH:5
end_of_record
TN:
SF:src\presentation\Controllers\Photo\deletePhoto\protocols.ts
FNF:0
FNH:0
DA:1,1
DA:2,1
DA:3,1
DA:4,1
DA:5,1
LF:5
LH:5
BRF:0
BRH:0
end_of_record
TN:
SF:src\presentation\Controllers\Photo\getPhoto\getPhoto.ts
FN:5,(anonymous_13)
FN:8,getPhoto
FN:12,(anonymous_15)
FNF:3
FNH:3
FNDA:2,(anonymous_13)
FNDA:3,getPhoto
FNDA:2,(anonymous_15)
DA:2,2
DA:5,2
DA:9,3
DA:12,2
DA:14,2
DA:15,1
DA:17,1
DA:18,1
DA:19,1
DA:21,0
DA:25,2
LF:11
LH:10
BRDA:14,0,0,1
BRDA:14,0,1,1
BRF:2
BRH:2
end_of_record
TN:
SF:src\presentation\Controllers\Photo\listPhotos\listPhoto.ts
FN:5,(anonymous_13)
FN:8,ListPhotos
FN:11,(anonymous_15)
FNF:3
FNH:3
FNDA:2,(anonymous_13)
FNDA:2,ListPhotos
FNDA:1,(anonymous_15)
DA:2,2
DA:5,2
DA:9,2
DA:11,2
DA:13,1
DA:14,1
DA:16,0
DA:19,2
LF:8
LH:7
BRF:0
BRH:0
end_of_record
TN:
SF:src\presentation\Controllers\Photo\listPhotos\protocols.ts
FNF:0
FNH:0
DA:2,2
DA:3,2
DA:4,2
DA:5,2
DA:6,2
LF:5
LH:5
BRF:0
BRH:0
end_of_record
TN:
SF:src\presentation\Controllers\Produto\ListProduto\listProduto.ts
FN:4,(anonymous_13)
FN:7,ListProduto
FN:11,(anonymous_15)
FNF:3
FNH:3
FNDA:2,(anonymous_13)
FNDA:2,ListProduto
FNDA:2,(anonymous_15)
DA:1,2
DA:4,2
DA:8,2
DA:11,2
DA:13,2
DA:14,2
DA:15,2
DA:17,2
DA:18,1
DA:20,1
DA:23,2
LF:11
LH:11
BRDA:14,0,0,2
BRDA:14,0,1,0
BRDA:14,1,0,2
BRDA:14,1,1,2
BRF:4
BRH:3
end_of_record
TN:
SF:src\presentation\Controllers\Produto\ListProduto\protocols.ts
FN:1,(anonymous_0)
FN:1,(anonymous_1)
FNF:2
FNH:2
FNDA:1,(anonymous_0)
FNDA:1,(anonymous_1)
DA:1,3
LF:1
LH:1
BRF:0
BRH:0
end_of_record
TN:
SF:src\presentation\Controllers\Produto\ListProdutoCategoria\listProdutoCategoria.ts
FN:3,(anonymous_13)
FN:6,ListProdutoCategoria
FN:10,(anonymous_15)
FNF:3
FNH:3
FNDA:1,(anonymous_13)
FNDA:3,ListProdutoCategoria
FNDA:3,(anonymous_15)
DA:1,1
DA:3,1
DA:7,3
DA:10,1
DA:12,3
DA:13,3
DA:14,3
DA:16,3
DA:17,1
DA:19,2
DA:21,2
DA:22,1
DA:24,1
DA:27,1
LF:14
LH:14
BRDA:13,0,0,3
BRDA:13,0,1,0
BRDA:13,1,0,3
BRDA:13,1,1,3
BRDA:16,2,0,1
BRDA:16,2,1,2
BRF:6
BRH:5
end_of_record
TN:
SF:src\presentation\Controllers\Produto\ListProdutoCategoria\protocols.ts
FN:1,(anonymous_0)
FN:1,(anonymous_1)
FN:1,(anonymous_2)
FNF:3
FNH:3
FNDA:1,(anonymous_0)
FNDA:1,(anonymous_1)
FNDA:1,(anonymous_2)
DA:1,2
LF:1
LH:1
BRF:0
BRH:0
end_of_record
TN:
SF:src\presentation\Controllers\Produto\addProduto\addProduto.ts
FN:4,(anonymous_13)
FN:7,addProduto
FN:11,(anonymous_15)
FN:24,(anonymous_18)
FNF:4
FNH:4
FNDA:2,(anonymous_13)
FNDA:8,addProduto
FNDA:7,(anonymous_15)
FNDA:3,(anonymous_18)
DA:1,2
DA:4,2
DA:8,8
DA:11,2
DA:13,7
DA:15,27
DA:16,27
DA:17,6
DA:21,1
DA:22,1
DA:23,1
DA:24,1
DA:25,3
DA:30,1
DA:34,1
DA:36,0
DA:40,2
LF:17
LH:16
BRDA:16,0,0,6
BRDA:16,0,1,21
BRF:2
BRH:2
end_of_record
TN:
SF:src\presentation\Controllers\Produto\addProduto\protocols.ts
FN:3,(anonymous_0)
FN:3,(anonymous_1)
FN:3,(anonymous_2)
FNF:3
FNH:2
FNDA:6,(anonymous_0)
FNDA:1,(anonymous_1)
FNDA:0,(anonymous_2)
DA:3,8
LF:1
LH:1
BRF:0
BRH:0
end_of_record
TN:
SF:src\presentation\Controllers\Produto\getProduto\getProduto.ts
FN:3,(anonymous_13)
FN:6,getProdutoPresentation
FN:10,(anonymous_15)
FNF:3
FNH:3
FNDA:1,(anonymous_13)
FNDA:4,getProdutoPresentation
FNDA:4,(anonymous_15)
DA:1,1
DA:3,1
DA:7,4
DA:10,1
DA:12,4
DA:13,1
DA:15,3
DA:16,1
DA:18,2
DA:19,2
DA:20,1
DA:22,1
DA:25,1
LF:13
LH:13
BRDA:12,0,0,1
BRDA:12,0,1,3
BRDA:15,1,0,1
BRDA:15,1,1,2
BRF:4
BRH:4
end_of_record
TN:
SF:src\presentation\Controllers\Produto\getProduto\protocols.ts
FN:4,(anonymous_0)
FN:4,(anonymous_1)
FN:4,(anonymous_2)
FNF:3
FNH:3
FNDA:2,(anonymous_0)
FNDA:1,(anonymous_1)
FNDA:1,(anonymous_2)
DA:4,3
LF:1
LH:1
BRF:0
BRH:0
end_of_record
TN:
SF:src\presentation\helpers\http-helpers.ts
FN:3,(anonymous_0)
FN:13,(anonymous_1)
FN:24,(anonymous_2)
FNF:3
FNH:3
FNDA:11,(anonymous_0)
FNDA:18,(anonymous_1)
FNDA:12,(anonymous_2)
DA:3,12
DA:4,11
DA:10,11
DA:13,12
DA:14,18
DA:20,18
DA:24,12
DA:25,12
DA:30,12
LF:9
LH:9
BRF:0
BRH:0
end_of_record
TN:
SF:src\util\deleteFile.ts
FN:5,(anonymous_1)
FN:6,(anonymous_3)
FNF:2
FNH:0
FNDA:0,(anonymous_1)
FNDA:0,(anonymous_3)
DA:1,0
DA:3,0
DA:5,0
DA:6,0
DA:7,0
DA:8,0
DA:9,0
DA:11,0
DA:14,0
LF:9
LH:0
BRF:0
BRH:0
end_of_record
